<?xml version="1.0" encoding="UTF-8"?>
<!-- Generated by org.testng.reporters.JUnitReportReporter -->
<testsuite hostname="WIN-39319556043" failures="0" tests="7" name="com.rs.test.configuration.countryCodes.CountryCodes" time="77.155" errors="0" timestamp="2022-06-08T12:11:23 CST" skipped="0">
  <testcase classname="com.rs.test.configuration.countryCodes.CountryCodes" name="editContryCode" time="10.352"/>
  <system-out/>
  <testcase classname="com.rs.test.configuration.countryCodes.CountryCodes" name="filters" time="9.813"/>
  <system-out/>
  <testcase classname="com.rs.test.configuration.countryCodes.CountryCodes" name="createCountryCode" time="10.153"/>
  <system-out/>
  <testcase classname="com.rs.test.configuration.countryCodes.CountryCodes" name="createModalPrefix" time="10.832"/>
  <system-out/>
  <testcase classname="com.rs.test.configuration.countryCodes.CountryCodes" name="editModalPrefix" time="12.923"/>
  <system-out/>
  <testcase classname="com.rs.test.configuration.countryCodes.CountryCodes" name="deleteModalPrefix" time="11.181"/>
  <system-out/>
  <testcase classname="com.rs.test.configuration.countryCodes.CountryCodes" name="deleteCountryCode" time="11.901"/>
  <system-out/>
</testsuite> <!-- com.rs.test.configuration.countryCodes.CountryCodes -->
