<?xml version="1.0" encoding="UTF-8"?>
<!-- Generated by org.testng.reporters.JUnitReportReporter -->
<testsuite hostname="DESKTOP-HB7TMPD" failures="0" tests="3" name="com.timp.test.MDR.Siscoserv.Enquadramento.EnquadramentoExcluir" time="69.027" errors="0" timestamp="18 Nov 2020 15:53:53 GMT">
  <testcase classname="com.timp.test.MDR.Siscoserv.Enquadramento.EnquadramentoExcluir" name="login" time="7.431"/>
  <testcase classname="com.timp.test.MDR.Siscoserv.Enquadramento.EnquadramentoExcluir" name="acessarMDR" time="24.960"/>
  <testcase classname="com.timp.test.MDR.Siscoserv.Enquadramento.EnquadramentoExcluir" name="excluir" time="36.636"/>
</testsuite> <!-- com.timp.test.MDR.Siscoserv.Enquadramento.EnquadramentoExcluir -->
