<?xml version="1.0" encoding="UTF-8"?>
<!-- Generated by org.testng.reporters.JUnitReportReporter -->
<testsuite hostname="DESKTOP-C57COV6" failures="0" tests="1" name="com.timp.test.MDR.CadastroCondiçao.CadastroCondicaoCriar" time="129.395" errors="0" timestamp="30 nov. 2021 10:47:47 GMT" skipped="0">
  <testcase classname="com.timp.test.MDR.CadastroCondiçao.CadastroCondicaoCriar" name="criar" time="129.395"/>
</testsuite> <!-- com.timp.test.MDR.CadastroCondiçao.CadastroCondicaoCriar -->
