<?xml version="1.0" encoding="UTF-8"?>
<!-- Generated by org.testng.reporters.JUnitReportReporter -->
<testsuite hostname="WIN-39319556043" failures="0" tests="3" name="com.rs.test.messageClassification.DCS.DCS" time="37.636" errors="0" timestamp="2022-07-04T13:01:13 CST" skipped="0">
  <testcase classname="com.rs.test.messageClassification.DCS.DCS" name="createDCS" time="11.945"/>
  <system-out/>
  <testcase classname="com.rs.test.messageClassification.DCS.DCS" name="deleteDCS" time="15.831"/>
  <system-out/>
  <testcase classname="com.rs.test.messageClassification.DCS.DCS" name="filters" time="9.860"/>
  <system-out/>
</testsuite> <!-- com.rs.test.messageClassification.DCS.DCS -->
