<?xml version="1.0" encoding="UTF-8"?>
<!-- Generated by org.testng.reporters.JUnitReportReporter -->
<testsuite hostname="MassielV" failures="0" tests="1" name="com.timp.test.MDR.TabelasComplementaresParaObrigaçoesAcessorias.TabelaCodigoReceitas.TabelaCodigoReceitaCriar" time="788.088" errors="0" timestamp="23 oct. 2021 21:55:15 GMT" skipped="0">
  <testcase classname="com.timp.test.MDR.TabelasComplementaresParaObrigaçoesAcessorias.TabelaCodigoReceitas.TabelaCodigoReceitaCriar" name="criar" time="788.088"/>
</testsuite> <!-- com.timp.test.MDR.TabelasComplementaresParaObrigaçoesAcessorias.TabelaCodigoReceitas.TabelaCodigoReceitaCriar -->
