<?xml version="1.0" encoding="UTF-8"?>
<!-- Generated by org.testng.reporters.JUnitReportReporter -->
<testsuite hostname="DESKTOP-C57COV6" failures="0" tests="2" name="com.timp.test.MDR.Siscoserv.RegistroRF.RegistroRFExcluirEmMassa" time="182.716" errors="0" timestamp="30 nov. 2021 09:46:14 GMT" skipped="0">
  <testcase classname="com.timp.test.MDR.Siscoserv.RegistroRF.RegistroRFExcluirEmMassa" name="excluirEmMassa" time="32.445"/>
  <testcase classname="com.timp.test.MDR.Siscoserv.RegistroRF.RegistroRFExcluirEmMassa" name="criar" time="150.271"/>
</testsuite> <!-- com.timp.test.MDR.Siscoserv.RegistroRF.RegistroRFExcluirEmMassa -->
