<?xml version="1.0" encoding="UTF-8"?>
<!-- Generated by org.testng.reporters.JUnitReportReporter -->
<testsuite hostname="DESKTOP-C57COV6" failures="0" tests="1" name="com.timp.test.MDR.TabelasApoioESocial.Tabela04.CodigosEAliqDeFPRASExcluir" time="171.817" errors="0" timestamp="30 nov. 2021 18:48:45 GMT" skipped="0">
  <testcase classname="com.timp.test.MDR.TabelasApoioESocial.Tabela04.CodigosEAliqDeFPRASExcluir" name="excluir" time="171.817"/>
</testsuite> <!-- com.timp.test.MDR.TabelasApoioESocial.Tabela04.CodigosEAliqDeFPRASExcluir -->
