<?xml version="1.0" encoding="UTF-8"?>
<!-- Generated by org.testng.reporters.JUnitReportReporter -->
<testsuite hostname="MassielV" failures="0" tests="2" name="com.timp.test.MDR.SPCBFederaisRetidos.SPCBFederaisRetidosExcluirMassa" time="165.810" errors="0" timestamp="26 nov. 2021 19:25:40 GMT" skipped="0">
  <testcase classname="com.timp.test.MDR.SPCBFederaisRetidos.SPCBFederaisRetidosExcluirMassa" name="criar" time="128.917"/>
  <testcase classname="com.timp.test.MDR.SPCBFederaisRetidos.SPCBFederaisRetidosExcluirMassa" name="excluir" time="36.893"/>
</testsuite> <!-- com.timp.test.MDR.SPCBFederaisRetidos.SPCBFederaisRetidosExcluirMassa -->
