<?xml version="1.0" encoding="UTF-8"?>
<!-- Generated by org.testng.reporters.JUnitReportReporter -->
<testsuite hostname="WIN-39319556043" failures="0" tests="9" name="com.rs.test.configuration.carrierService.CarrierService" time="240.612" errors="0" timestamp="2022-06-15T15:10:27 CST" skipped="0">
  <testcase classname="com.rs.test.configuration.carrierService.CarrierService" name="filters" time="33.649"/>
  <system-out/>
  <testcase classname="com.rs.test.configuration.carrierService.CarrierService" name="editCarrierService" time="30.211"/>
  <system-out/>
  <testcase classname="com.rs.test.configuration.carrierService.CarrierService" name="createCarrierService" time="19.740"/>
  <system-out/>
  <testcase classname="com.rs.test.configuration.carrierService.CarrierService" name="createRoutePoint" time="26.099"/>
  <system-out/>
  <testcase classname="com.rs.test.configuration.carrierService.CarrierService" name="editRoutePoint" time="32.477"/>
  <system-out/>
  <testcase classname="com.rs.test.configuration.carrierService.CarrierService" name="deleteRoutePoint" time="25.558"/>
  <system-out/>
  <testcase classname="com.rs.test.configuration.carrierService.CarrierService" name="createLogAgent" time="28.125"/>
  <system-out/>
  <testcase classname="com.rs.test.configuration.carrierService.CarrierService" name="deleteLogAgent" time="25.713"/>
  <system-out/>
  <testcase classname="com.rs.test.configuration.carrierService.CarrierService" name="deleteCarrierService" time="19.040"/>
  <system-out/>
</testsuite> <!-- com.rs.test.configuration.carrierService.CarrierService -->
