<?xml version="1.0" encoding="UTF-8"?>
<!-- Generated by org.testng.reporters.JUnitReportReporter -->
<testsuite hostname="DESKTOP-C57COV6" failures="0" tests="1" name="com.timp.test.BRB.EditarRelatorio" time="498.910" errors="0" timestamp="03 dic. 2021 00:30:51 GMT" skipped="0">
  <testcase classname="com.timp.test.BRB.EditarRelatorio" name="editar" time="498.910"/>
</testsuite> <!-- com.timp.test.BRB.EditarRelatorio -->
