<?xml version="1.0" encoding="UTF-8"?>
<!-- Generated by org.testng.reporters.JUnitReportReporter -->
<testsuite hostname="DESKTOP-M23FVFN" failures="0" tests="1" name="com.timp.test.TFP.Periodos.Periodos.PeriodosAlterarPeriodosEmMassa" time="275.592" errors="0" timestamp="30 nov. 2021 22:14:44 GMT" skipped="0">
  <testcase classname="com.timp.test.TFP.Periodos.Periodos.PeriodosAlterarPeriodosEmMassa" name="alterarPeriodoEmMassa" time="275.592"/>
</testsuite> <!-- com.timp.test.TFP.Periodos.Periodos.PeriodosAlterarPeriodosEmMassa -->
