<?xml version="1.0" encoding="UTF-8"?>
<!-- Generated by org.testng.reporters.JUnitReportReporter -->
<testsuite hostname="MassielV" failures="0" tests="1" name="com.timp.test.MDR.ControleDeCreditoTributario.LimiteDeCreditoAUtilizar.LimiteDeCreditoAUtilizarFiltroId" time="72.888" errors="0" timestamp="26 nov. 2021 19:25:40 GMT" skipped="0">
  <testcase classname="com.timp.test.MDR.ControleDeCreditoTributario.LimiteDeCreditoAUtilizar.LimiteDeCreditoAUtilizarFiltroId" name="filtroId" time="72.888"/>
</testsuite> <!-- com.timp.test.MDR.ControleDeCreditoTributario.LimiteDeCreditoAUtilizar.LimiteDeCreditoAUtilizarFiltroId -->
