<?xml version="1.0" encoding="UTF-8"?>
<!-- Generated by org.testng.reporters.JUnitReportReporter -->
<testsuite hostname="MassielV" failures="0" tests="1" name="com.timp.test.TDK.Kpis.Lixeira.LixeiraFiltroPorID" time="86.043" errors="0" timestamp="26 oct. 2021 09:28:46 GMT" skipped="0">
  <testcase classname="com.timp.test.TDK.Kpis.Lixeira.LixeiraFiltroPorID" name="filtro" time="86.043"/>
</testsuite> <!-- com.timp.test.TDK.Kpis.Lixeira.LixeiraFiltroPorID -->
