<?xml version="1.0" encoding="UTF-8"?>
<!-- Generated by org.testng.reporters.JUnitReportReporter -->
<testsuite hostname="WIN-39319556043" failures="0" tests="3" name="com.rs.test.configuration.characterEncoding.CharacterEncoding" time="32.631" errors="0" timestamp="2022-03-23T15:38:37 CST" skipped="0">
  <testcase classname="com.rs.test.configuration.characterEncoding.CharacterEncoding" name="createActionTemplate" time="12.644"/>
  <system-out/>
  <testcase classname="com.rs.test.configuration.characterEncoding.CharacterEncoding" name="editActionTemplate" time="13.991"/>
  <system-out/>
  <testcase classname="com.rs.test.configuration.characterEncoding.CharacterEncoding" name="deleteActionTemplate" time="5.996"/>
  <system-out/>
</testsuite> <!-- com.rs.test.configuration.characterEncoding.CharacterEncoding -->
