<?xml version="1.0" encoding="UTF-8"?>
<!-- Generated by org.testng.reporters.JUnitReportReporter -->
<testsuite hostname="DESKTOP-C57COV6" failures="0" tests="1" name="com.timp.test.MDR.ParametrosOficializacaoLivros.ParametrosOficializacaoLivrosExcluir" time="224.276" errors="0" timestamp="01 dic. 2021 03:49:54 GMT" skipped="0">
  <testcase classname="com.timp.test.MDR.ParametrosOficializacaoLivros.ParametrosOficializacaoLivrosExcluir" name="excluir" time="224.276"/>
</testsuite> <!-- com.timp.test.MDR.ParametrosOficializacaoLivros.ParametrosOficializacaoLivrosExcluir -->
