<?xml version="1.0" encoding="UTF-8"?>
<!-- Generated by org.testng.reporters.JUnitReportReporter -->
<testsuite hostname="MassielV" failures="0" tests="1" name="com.timp.test.MDR.CEP.Logradouro.LogradouroFiltros" time="52.494" errors="0" timestamp="26 nov. 2021 07:34:17 GMT" skipped="0">
  <testcase classname="com.timp.test.MDR.CEP.Logradouro.LogradouroFiltros" name="filtros" time="52.494"/>
</testsuite> <!-- com.timp.test.MDR.CEP.Logradouro.LogradouroFiltros -->
