<?xml version="1.0" encoding="UTF-8"?>
<!-- Generated by org.testng.reporters.JUnitReportReporter -->
<testsuite hostname="WIN-39319556043" failures="0" tests="3" name="com.rs.test.clusterConfiguration.clusterAdmin.ClusterAdmin" time="75.313" errors="0" timestamp="2022-07-26T16:35:51 CST" skipped="0">
  <testcase classname="com.rs.test.clusterConfiguration.clusterAdmin.ClusterAdmin" name="createQueueMonitor" time="23.830"/>
  <system-out/>
  <testcase classname="com.rs.test.clusterConfiguration.clusterAdmin.ClusterAdmin" name="editQueueMonitor" time="28.528"/>
  <system-out/>
  <testcase classname="com.rs.test.clusterConfiguration.clusterAdmin.ClusterAdmin" name="deleteQueueMonitor" time="22.955"/>
  <system-out/>
</testsuite> <!-- com.rs.test.clusterConfiguration.clusterAdmin.ClusterAdmin -->
