<?xml version="1.0" encoding="UTF-8"?>
<!-- Generated by org.testng.reporters.JUnitReportReporter -->
<testsuite hostname="DESKTOP-C57COV6" failures="0" tests="2" name="com.timp.test.MDR.TabelasApoioESocial.Tabela06.PaisesExcluirMassa" time="202.538" errors="0" timestamp="30 nov. 2021 18:48:44 GMT" skipped="0">
  <testcase classname="com.timp.test.MDR.TabelasApoioESocial.Tabela06.PaisesExcluirMassa" name="excluirMassa" time="54.068"/>
  <testcase classname="com.timp.test.MDR.TabelasApoioESocial.Tabela06.PaisesExcluirMassa" name="criar" time="148.470"/>
</testsuite> <!-- com.timp.test.MDR.TabelasApoioESocial.Tabela06.PaisesExcluirMassa -->
