<?xml version="1.0" encoding="UTF-8"?>
<!-- Generated by org.testng.reporters.JUnitReportReporter -->
<testsuite hostname="MassielV" failures="0" tests="3" name="com.timp.test.LOG.LogDeAções.LogDeAçõesDetalhes" time="39.060" errors="0" timestamp="18 nov. 2021 07:48:19 GMT" skipped="0">
  <testcase classname="com.timp.test.LOG.LogDeAções.LogDeAçõesDetalhes" name="login" time="6.935"/>
  <testcase classname="com.timp.test.LOG.LogDeAções.LogDeAçõesDetalhes" name="AcessarLOG" time="18.158"/>
  <testcase classname="com.timp.test.LOG.LogDeAções.LogDeAçõesDetalhes" name="Detalle" time="13.967"/>
</testsuite> <!-- com.timp.test.LOG.LogDeAções.LogDeAçõesDetalhes -->
