<?xml version="1.0" encoding="UTF-8"?>
<!-- Generated by org.testng.reporters.JUnitReportReporter -->
<testsuite hostname="WIN-39319556043" failures="0" tests="1" name="com.rs.test.clusterConfiguration.clusterProfile.ClusterProfile" time="49.996" errors="0" timestamp="2022-06-08T12:11:23 CST" skipped="0">
  <testcase classname="com.rs.test.clusterConfiguration.clusterProfile.ClusterProfile" name="createClusterProfile" time="49.996"/>
  <system-out/>
</testsuite> <!-- com.rs.test.clusterConfiguration.clusterProfile.ClusterProfile -->
