<?xml version="1.0" encoding="UTF-8"?>
<!-- Generated by org.testng.reporters.JUnitReportReporter -->
<testsuite hostname="DESKTOP-M23FVFN" failures="0" tests="2" name="com.timp.test.MDR.TabelasApoioESocial.Tabela25.TiposDeBenefíciosExcluirMassa" time="205.761" errors="0" timestamp="01 dic. 2021 05:52:12 GMT" skipped="0">
  <testcase classname="com.timp.test.MDR.TabelasApoioESocial.Tabela25.TiposDeBenefíciosExcluirMassa" name="excluir" time="62.907"/>
  <testcase classname="com.timp.test.MDR.TabelasApoioESocial.Tabela25.TiposDeBenefíciosExcluirMassa" name="criar" time="142.854"/>
</testsuite> <!-- com.timp.test.MDR.TabelasApoioESocial.Tabela25.TiposDeBenefíciosExcluirMassa -->
