<?xml version="1.0" encoding="UTF-8"?>
<!-- Generated by org.testng.reporters.JUnitReportReporter -->
<testsuite hostname="WIN-39319556043" failures="0" tests="1" name="com.rs.test.clusterConfiguration.clusterProfile.ClusterProfile" time="43.723" errors="0" timestamp="2022-07-08T14:01:44 CST" skipped="0">
  <testcase classname="com.rs.test.clusterConfiguration.clusterProfile.ClusterProfile" name="editClusterProfile" time="43.723"/>
  <system-out/>
</testsuite> <!-- com.rs.test.clusterConfiguration.clusterProfile.ClusterProfile -->
