<?xml version="1.0" encoding="UTF-8"?>
<!-- Generated by org.testng.reporters.JUnitReportReporter -->
<testsuite hostname="MIGUEL" failures="0" tests="3" name="com.timp.test.MDR.Siscoserv.Enquadramento.EnquadramentoCriar" time="81.611" errors="0" timestamp="2 Feb 2021 21:03:27 GMT">
  <testcase classname="com.timp.test.MDR.Siscoserv.Enquadramento.EnquadramentoCriar" name="acessarMDR" time="22.343"/>
  <testcase classname="com.timp.test.MDR.Siscoserv.Enquadramento.EnquadramentoCriar" name="criar" time="51.846"/>
  <testcase classname="com.timp.test.MDR.Siscoserv.Enquadramento.EnquadramentoCriar" name="login" time="7.422"/>
</testsuite> <!-- com.timp.test.MDR.Siscoserv.Enquadramento.EnquadramentoCriar -->
