<?xml version="1.0" encoding="UTF-8"?>
<!-- Generated by org.testng.reporters.JUnitReportReporter -->
<testsuite hostname="MIGUEL" failures="0" tests="4" name="com.timp.test.MDR.Siscoserv.Enquadramento.EnquadramentoExcluirMassa" time="147.220" errors="0" timestamp="30 Oct 2020 05:10:11 GMT">
  <testcase classname="com.timp.test.MDR.Siscoserv.Enquadramento.EnquadramentoExcluirMassa" name="criar" time="92.502"/>
  <testcase classname="com.timp.test.MDR.Siscoserv.Enquadramento.EnquadramentoExcluirMassa" name="acessarMDR" time="12.304"/>
  <testcase classname="com.timp.test.MDR.Siscoserv.Enquadramento.EnquadramentoExcluirMassa" name="excluirMassa" time="34.819"/>
  <testcase classname="com.timp.test.MDR.Siscoserv.Enquadramento.EnquadramentoExcluirMassa" name="login" time="7.595"/>
</testsuite> <!-- com.timp.test.MDR.Siscoserv.Enquadramento.EnquadramentoExcluirMassa -->
