<?xml version="1.0" encoding="UTF-8"?>
<!-- Generated by org.testng.reporters.JUnitReportReporter -->
<testsuite hostname="DESKTOP-C57COV6" failures="0" tests="1" name="com.timp.test.BRE.RegrasDeMensagens.ParametrosGerais.RegrasDeMensagensEditar" time="292.802" errors="0" timestamp="11 nov. 2021 15:36:41 GMT" skipped="0">
  <testcase classname="com.timp.test.BRE.RegrasDeMensagens.ParametrosGerais.RegrasDeMensagensEditar" name="editar" time="292.802"/>
</testsuite> <!-- com.timp.test.BRE.RegrasDeMensagens.ParametrosGerais.RegrasDeMensagensEditar -->
