<?xml version="1.0" encoding="UTF-8"?>
<!-- Generated by org.testng.reporters.JUnitReportReporter -->
<testsuite hostname="DESKTOP-C57COV6" failures="0" tests="1" name="com.timp.test.MDR.TabelasApoioESocial.Tabela08.ClassificacaoTributariaExcluir" time="1769.634" errors="0" timestamp="26 nov. 2021 06:07:12 GMT" skipped="0">
  <testcase classname="com.timp.test.MDR.TabelasApoioESocial.Tabela08.ClassificacaoTributariaExcluir" name="excluir" time="1769.634"/>
</testsuite> <!-- com.timp.test.MDR.TabelasApoioESocial.Tabela08.ClassificacaoTributariaExcluir -->
