<?xml version="1.0" encoding="UTF-8"?>
<!-- Generated by org.testng.reporters.JUnitReportReporter -->
<testsuite hostname="WIN-39319556043" failures="0" tests="8" name="com.rs.test.clusterConfiguration.clusterRouteRules.ClusterRouteRules" time="668.384" errors="0" timestamp="2022-07-01T13:08:49 CST" skipped="0">
  <testcase classname="com.rs.test.clusterConfiguration.clusterRouteRules.ClusterRouteRules" name="createSMSXClusterRouteRules" time="96.199"/>
  <system-out/>
  <testcase classname="com.rs.test.clusterConfiguration.clusterRouteRules.ClusterRouteRules" name="editSMSXClusterRouteRules" time="101.867"/>
  <system-out/>
  <testcase classname="com.rs.test.clusterConfiguration.clusterRouteRules.ClusterRouteRules" name="deleteSMSXClusterRouteRules" time="44.593"/>
  <system-out/>
  <testcase classname="com.rs.test.clusterConfiguration.clusterRouteRules.ClusterRouteRules" name="createISMSClusterRouteRules" time="86.462"/>
  <system-out/>
  <testcase classname="com.rs.test.clusterConfiguration.clusterRouteRules.ClusterRouteRules" name="editISMSClusterRouteRules" time="81.720"/>
  <system-out/>
  <testcase classname="com.rs.test.clusterConfiguration.clusterRouteRules.ClusterRouteRules" name="deleteISMSClusterRouteRules" time="44.854"/>
  <system-out/>
  <testcase classname="com.rs.test.clusterConfiguration.clusterRouteRules.ClusterRouteRules" name="filtersSMSxClusterRouteRules" time="112.338"/>
  <system-out/>
  <testcase classname="com.rs.test.clusterConfiguration.clusterRouteRules.ClusterRouteRules" name="filtersISMSClusterRouteRules" time="100.351"/>
  <system-out/>
</testsuite> <!-- com.rs.test.clusterConfiguration.clusterRouteRules.ClusterRouteRules -->
