<?xml version="1.0" encoding="UTF-8"?>
<!-- Generated by org.testng.reporters.JUnitReportReporter -->
<testsuite hostname="MassielV" failures="0" tests="3" name="com.timp.test.BPMA.Processo.ParametrosGerais.ParametrosGeraisCriarProcesoRecorrente" time="178.427" errors="0" timestamp="12 oct. 2021 15:49:17 GMT" skipped="0">
  <testcase classname="com.timp.test.BPMA.Processo.ParametrosGerais.ParametrosGeraisCriarProcesoRecorrente" name="login" time="12.010"/>
  <testcase classname="com.timp.test.BPMA.Processo.ParametrosGerais.ParametrosGeraisCriarProcesoRecorrente" name="criar" time="143.654"/>
  <testcase classname="com.timp.test.BPMA.Processo.ParametrosGerais.ParametrosGeraisCriarProcesoRecorrente" name="BPMAEntrar" time="22.763"/>
</testsuite> <!-- com.timp.test.BPMA.Processo.ParametrosGerais.ParametrosGeraisCriarProcesoRecorrente -->
