<?xml version="1.0" encoding="UTF-8"?>
<!-- Generated by org.testng.reporters.JUnitReportReporter -->
<testsuite hostname="DESKTOP-C57COV6" failures="0" tests="3" name="com.timp.test.MDR.TabelaApoioECD.EliminacoesDaConsolidacao.EliminacoesDaConsolidacaoDetalhes" time="113.055" errors="0" timestamp="13 sep. 2021 17:19:55 GMT" skipped="0">
  <testcase classname="com.timp.test.MDR.TabelaApoioECD.EliminacoesDaConsolidacao.EliminacoesDaConsolidacaoDetalhes" name="ingesar" time="9.455"/>
  <testcase classname="com.timp.test.MDR.TabelaApoioECD.EliminacoesDaConsolidacao.EliminacoesDaConsolidacaoDetalhes" name="mdrEntrar" time="73.764"/>
  <testcase classname="com.timp.test.MDR.TabelaApoioECD.EliminacoesDaConsolidacao.EliminacoesDaConsolidacaoDetalhes" name="detalheElimacoeDaConsolidacao" time="29.836"/>
</testsuite> <!-- com.timp.test.MDR.TabelaApoioECD.EliminacoesDaConsolidacao.EliminacoesDaConsolidacaoDetalhes -->
