<?xml version="1.0" encoding="UTF-8"?>
<!-- Generated by org.testng.reporters.JUnitReportReporter -->
<testsuite hostname="MassielV" failures="0" tests="1" name="com.timp.test.MDR.ContratoIOF.ContratoIOFEditar" time="186.305" errors="0" timestamp="26 nov. 2021 19:25:40 GMT" skipped="0">
  <testcase classname="com.timp.test.MDR.ContratoIOF.ContratoIOFEditar" name="editar" time="186.305"/>
</testsuite> <!-- com.timp.test.MDR.ContratoIOF.ContratoIOFEditar -->
