<?xml version="1.0" encoding="UTF-8"?>
<!-- Generated by org.testng.reporters.JUnitReportReporter -->
<testsuite hostname="WIN-39319556043" failures="0" tests="3" name="com.rs.test.configuration.messageGateway.MessageGateway" time="25.504" errors="0" timestamp="2022-03-23T15:38:37 CST" skipped="0">
  <testcase classname="com.rs.test.configuration.messageGateway.MessageGateway" name="createMessageGateway" time="9.264"/>
  <system-out/>
  <testcase classname="com.rs.test.configuration.messageGateway.MessageGateway" name="edit" time="10.652"/>
  <system-out/>
  <testcase classname="com.rs.test.configuration.messageGateway.MessageGateway" name="delete" time="5.588"/>
  <system-out/>
</testsuite> <!-- com.rs.test.configuration.messageGateway.MessageGateway -->
