<?xml version="1.0" encoding="UTF-8"?>
<!-- Generated by org.testng.reporters.JUnitReportReporter -->
<testsuite hostname="DESKTOP-C57COV6" failures="0" tests="1" name="com.timp.test.BRE.RegrasDeNegocio.ParametrosGerais.RegrasDeNegocioVisualizar" time="111.050" errors="0" timestamp="11 nov. 2021 15:46:21 GMT" skipped="0">
  <testcase classname="com.timp.test.BRE.RegrasDeNegocio.ParametrosGerais.RegrasDeNegocioVisualizar" name="visualizar" time="111.050"/>
</testsuite> <!-- com.timp.test.BRE.RegrasDeNegocio.ParametrosGerais.RegrasDeNegocioVisualizar -->
