<?xml version="1.0" encoding="UTF-8"?>
<!-- Generated by org.testng.reporters.JUnitReportReporter -->
<<<<<<< HEAD
<testsuite hostname="DESKTOP-C57COV6" failures="0" tests="2" name="com.timp.test.MDR.ICMSSTTransporte.ICMSSTTransporteExcluirEmMassa" time="251.104" errors="0" timestamp="26 nov. 2021 20:06:57 GMT" skipped="0">
  <testcase classname="com.timp.test.MDR.ICMSSTTransporte.ICMSSTTransporteExcluirEmMassa" name="excluir" time="33.899"/>
  <testcase classname="com.timp.test.MDR.ICMSSTTransporte.ICMSSTTransporteExcluirEmMassa" name="criar" time="217.205"/>
=======
<testsuite hostname="MassielV" failures="0" tests="2" name="com.timp.test.MDR.ICMSSTTransporte.ICMSSTTransporteExcluirEmMassa" time="160.038" errors="0" timestamp="25 nov. 2021 09:03:54 GMT" skipped="0">
  <testcase classname="com.timp.test.MDR.ICMSSTTransporte.ICMSSTTransporteExcluirEmMassa" name="criar" time="127.093"/>
  <testcase classname="com.timp.test.MDR.ICMSSTTransporte.ICMSSTTransporteExcluirEmMassa" name="excluir" time="32.945"/>
>>>>>>> branch 'Yessy' of https://github.com/salc1997/TIMP_R1.git
</testsuite> <!-- com.timp.test.MDR.ICMSSTTransporte.ICMSSTTransporteExcluirEmMassa -->
