<?xml version="1.0" encoding="UTF-8"?>
<!-- Generated by org.testng.reporters.JUnitReportReporter -->
<testsuite hostname="WIN-39319556043" failures="0" tests="3" name="com.rs.test.clusterConfiguration.clusterAdmin.ClusterAdmin" time="75.465" errors="0" timestamp="2022-07-08T14:01:44 CST" skipped="0">
  <testcase classname="com.rs.test.clusterConfiguration.clusterAdmin.ClusterAdmin" name="createQueueMonitor" time="23.873"/>
  <system-out/>
  <testcase classname="com.rs.test.clusterConfiguration.clusterAdmin.ClusterAdmin" name="editQueueMonitor" time="29.104"/>
  <system-out/>
  <testcase classname="com.rs.test.clusterConfiguration.clusterAdmin.ClusterAdmin" name="deleteQueueMonitor" time="22.488"/>
  <system-out/>
</testsuite> <!-- com.rs.test.clusterConfiguration.clusterAdmin.ClusterAdmin -->
