<?xml version="1.0" encoding="UTF-8"?>
<!-- Generated by org.testng.reporters.JUnitReportReporter -->
<testsuite hostname="WIN-39319556043" failures="0" tests="3" name="com.rs.test.clusterConfiguration.clusterClassification.ClusterClassification" time="29.882" errors="0" timestamp="2022-04-05T15:30:29 CST" skipped="0">
  <testcase classname="com.rs.test.clusterConfiguration.clusterClassification.ClusterClassification" name="editClusterClassification" time="12.793"/>
  <system-out/>
  <testcase classname="com.rs.test.clusterConfiguration.clusterClassification.ClusterClassification" name="createClusterClassification" time="11.147"/>
  <system-out/>
  <testcase classname="com.rs.test.clusterConfiguration.clusterClassification.ClusterClassification" name="deleteClusterClassification" time="5.942"/>
  <system-out/>
</testsuite> <!-- com.rs.test.clusterConfiguration.clusterClassification.ClusterClassification -->
