<?xml version="1.0" encoding="UTF-8"?>
<!-- Generated by org.testng.reporters.JUnitReportReporter -->
<testsuite hostname="WIN-39319556043" failures="0" tests="1" name="com.rs.test.clusterConfiguration.routeRules.RouteRules" time="26.704" errors="0" timestamp="2022-05-18T18:45:02 CST" skipped="0">
  <testcase classname="com.rs.test.clusterConfiguration.routeRules.RouteRules" name="SMSxClusterRouteRules" time="26.704"/>
  <system-out/>
</testsuite> <!-- com.rs.test.clusterConfiguration.routeRules.RouteRules -->
