<?xml version="1.0" encoding="UTF-8"?>
<!-- Generated by org.testng.reporters.JUnitReportReporter -->
<testsuite hostname="DESKTOP-C57COV6" failures="0" tests="1" name="com.timp.test.TDK.Dashboard.Edicao.DashboardTabelaEditar" time="253.255" errors="0" timestamp="26 oct. 2021 09:54:42 GMT" skipped="0">
  <testcase classname="com.timp.test.TDK.Dashboard.Edicao.DashboardTabelaEditar" name="linksrapidos" time="253.255"/>
</testsuite> <!-- com.timp.test.TDK.Dashboard.Edicao.DashboardTabelaEditar -->
