<?xml version="1.0" encoding="UTF-8"?>
<!-- Generated by org.testng.reporters.JUnitReportReporter -->
<testsuite hostname="WIN-39319556043" failures="0" tests="6" name="com.rs.test.configuration.characterEncoding.CharacterEncoding" time="123.826" errors="0" timestamp="2022-06-08T12:11:23 CST" skipped="0">
  <testcase classname="com.rs.test.configuration.characterEncoding.CharacterEncoding" name="createCharacterEncoding" time="18.468"/>
  <system-out/>
  <testcase classname="com.rs.test.configuration.characterEncoding.CharacterEncoding" name="editCharacterEncoding" time="26.620"/>
  <system-out/>
  <testcase classname="com.rs.test.configuration.characterEncoding.CharacterEncoding" name="deleteCharacterEncoding" time="16.652"/>
  <system-out/>
  <testcase classname="com.rs.test.configuration.characterEncoding.CharacterEncoding" name="createCustomEncodeCodePoint" time="19.459"/>
  <system-out/>
  <testcase classname="com.rs.test.configuration.characterEncoding.CharacterEncoding" name="editCustomEncodeCodePoint" time="25.342"/>
  <system-out/>
  <testcase classname="com.rs.test.configuration.characterEncoding.CharacterEncoding" name="deleteCustomEncodeCodePoint" time="17.285"/>
  <system-out/>
</testsuite> <!-- com.rs.test.configuration.characterEncoding.CharacterEncoding -->
