<?xml version="1.0" encoding="UTF-8"?>
<!-- Generated by org.testng.reporters.JUnitReportReporter -->
<testsuite hostname="DESKTOP-C57COV6" failures="0" tests="1" name="com.timp.test.BRE.Lixeira.ParametrosGerais.LixeiraExcluir" time="141.268" errors="0" timestamp="01 dic. 2021 14:57:00 GMT" skipped="0">
  <testcase classname="com.timp.test.BRE.Lixeira.ParametrosGerais.LixeiraExcluir" name="criar" time="141.268"/>
</testsuite> <!-- com.timp.test.BRE.Lixeira.ParametrosGerais.LixeiraExcluir -->
