<?xml version="1.0" encoding="UTF-8"?>
<!-- Generated by org.testng.reporters.JUnitReportReporter -->
<testsuite hostname="DESKTOP-M23FVFN" failures="0" tests="1" name="com.timp.test.TAA.AtribuiçõesdeRegras.RegraDeCampos.RegraDeCamposExcluir" time="161.588" errors="0" timestamp="02 dic. 2021 22:55:26 GMT" skipped="0">
  <testcase classname="com.timp.test.TAA.AtribuiçõesdeRegras.RegraDeCampos.RegraDeCamposExcluir" name="excluir" time="161.588"/>
</testsuite> <!-- com.timp.test.TAA.AtribuiçõesdeRegras.RegraDeCampos.RegraDeCamposExcluir -->
