<?xml version="1.0" encoding="UTF-8"?>
<!-- Generated by org.testng.reporters.JUnitReportReporter -->
<testsuite hostname="WIN-39319556043" failures="0" tests="4" name="com.rs.test.clusterConfiguration.clusterCallToAction.ClusterCallToAction" time="117.510" errors="0" timestamp="2022-07-12T15:49:48 CST" skipped="0">
  <testcase classname="com.rs.test.clusterConfiguration.clusterCallToAction.ClusterCallToAction" name="editClusterCallToAction" time="39.395"/>
  <system-out/>
  <testcase classname="com.rs.test.clusterConfiguration.clusterCallToAction.ClusterCallToAction" name="createClusterCallToAction" time="16.325"/>
  <system-out/>
  <testcase classname="com.rs.test.clusterConfiguration.clusterCallToAction.ClusterCallToAction" name="deleteClusterCallToAction" time="22.881"/>
  <system-out/>
  <testcase classname="com.rs.test.clusterConfiguration.clusterCallToAction.ClusterCallToAction" name="filters" time="38.909"/>
  <system-out/>
</testsuite> <!-- com.rs.test.clusterConfiguration.clusterCallToAction.ClusterCallToAction -->
