<?xml version="1.0" encoding="UTF-8"?>
<!-- Generated by org.testng.reporters.JUnitReportReporter -->
<testsuite hostname="WIN-39319556043" failures="0" tests="3" name="com.rs.test.configuration.actionTemplates.ActionTemplates" time="38.659" errors="0" timestamp="2022-06-08T12:11:23 CST" skipped="0">
  <testcase classname="com.rs.test.configuration.actionTemplates.ActionTemplates" name="editActionTemplate" time="15.911"/>
  <system-out/>
  <testcase classname="com.rs.test.configuration.actionTemplates.ActionTemplates" name="createActionTemplate" time="11.205"/>
  <system-out/>
  <testcase classname="com.rs.test.configuration.actionTemplates.ActionTemplates" name="deleteActionTemplate" time="11.543"/>
  <system-out/>
</testsuite> <!-- com.rs.test.configuration.actionTemplates.ActionTemplates -->
