<?xml version="1.0" encoding="UTF-8"?>
<!-- Generated by org.testng.reporters.JUnitReportReporter -->
<testsuite hostname="WIN-39319556043" failures="0" tests="8" name="com.rs.test.clusterConfiguration.clusterRouteRules.ClusterRouteRules" time="836.066" errors="0" timestamp="2022-07-04T13:22:52 CST" skipped="0">
  <testcase classname="com.rs.test.clusterConfiguration.clusterRouteRules.ClusterRouteRules" name="createSMSXClusterRouteRules" time="107.307"/>
  <system-out/>
  <testcase classname="com.rs.test.clusterConfiguration.clusterRouteRules.ClusterRouteRules" name="editSMSXClusterRouteRules" time="100.545"/>
  <system-out/>
  <testcase classname="com.rs.test.clusterConfiguration.clusterRouteRules.ClusterRouteRules" name="deleteSMSXClusterRouteRules" time="47.347"/>
  <system-out/>
  <testcase classname="com.rs.test.clusterConfiguration.clusterRouteRules.ClusterRouteRules" name="createISMSClusterRouteRules" time="101.593"/>
  <system-out/>
  <testcase classname="com.rs.test.clusterConfiguration.clusterRouteRules.ClusterRouteRules" name="editISMSClusterRouteRules" time="94.991"/>
  <system-out/>
  <testcase classname="com.rs.test.clusterConfiguration.clusterRouteRules.ClusterRouteRules" name="deleteISMSClusterRouteRules" time="57.965"/>
  <system-out/>
  <testcase classname="com.rs.test.clusterConfiguration.clusterRouteRules.ClusterRouteRules" name="filtersSMSxClusterRouteRules" time="169.842"/>
  <system-out/>
  <testcase classname="com.rs.test.clusterConfiguration.clusterRouteRules.ClusterRouteRules" name="filtersISMSClusterRouteRules" time="156.476"/>
  <system-out/>
</testsuite> <!-- com.rs.test.clusterConfiguration.clusterRouteRules.ClusterRouteRules -->
