<?xml version="1.0" encoding="UTF-8"?>
<!-- Generated by org.testng.reporters.JUnitReportReporter -->
<testsuite hostname="WIN-39319556043" failures="0" tests="1" name="com.rs.test.messageClassification.ChangeSet.ChangeSet" time="16.685" errors="0" timestamp="2022-07-12T07:28:39 CST" skipped="0">
  <testcase classname="com.rs.test.messageClassification.ChangeSet.ChangeSet" name="createChangeSet" time="16.685"/>
  <system-out/>
</testsuite> <!-- com.rs.test.messageClassification.ChangeSet.ChangeSet -->
