<?xml version="1.0" encoding="UTF-8"?>
<!-- Generated by org.testng.reporters.JUnitReportReporter -->
<testsuite hostname="DESKTOP-C57COV6" failures="0" tests="2" name="com.timp.test.MDR.Siscoserv.RegistroRVS.RegistroRVSExcluirEmMassa" time="203.034" errors="0" timestamp="30 nov. 2021 09:46:13 GMT" skipped="0">
  <testcase classname="com.timp.test.MDR.Siscoserv.RegistroRVS.RegistroRVSExcluirEmMassa" name="criar" time="164.612"/>
  <testcase classname="com.timp.test.MDR.Siscoserv.RegistroRVS.RegistroRVSExcluirEmMassa" name="excluirEmMassa" time="38.422"/>
</testsuite> <!-- com.timp.test.MDR.Siscoserv.RegistroRVS.RegistroRVSExcluirEmMassa -->
