<?xml version="1.0" encoding="UTF-8"?>
<!-- Generated by org.testng.reporters.JUnitReportReporter -->
<testsuite hostname="DESKTOP-C57COV6" failures="0" tests="1" name="com.timp.test.MDR.TabelasApoioESocial.Tabela14.AgenteCausadorDeAcidenteExcluir" time="116.607" errors="0" timestamp="30 nov. 2021 09:48:50 GMT" skipped="0">
  <testcase classname="com.timp.test.MDR.TabelasApoioESocial.Tabela14.AgenteCausadorDeAcidenteExcluir" name="excluir" time="116.607"/>
</testsuite> <!-- com.timp.test.MDR.TabelasApoioESocial.Tabela14.AgenteCausadorDeAcidenteExcluir -->
