<?xml version="1.0" encoding="UTF-8"?>
<!-- Generated by org.testng.reporters.JUnitReportReporter -->
<testsuite hostname="DESKTOP-C57COV6" failures="0" tests="1" name="com.timp.test.BRE.Lixeira.ParametrosGerais.LixeiraRestaurar" time="78.472" errors="0" timestamp="01 dic. 2021 14:34:18 GMT" skipped="0">
  <testcase classname="com.timp.test.BRE.Lixeira.ParametrosGerais.LixeiraRestaurar" name="restaurar" time="78.472"/>
</testsuite> <!-- com.timp.test.BRE.Lixeira.ParametrosGerais.LixeiraRestaurar -->
