<?xml version="1.0" encoding="UTF-8"?>
<!-- Generated by org.testng.reporters.JUnitReportReporter -->
<testsuite hostname="MassielV" failures="0" tests="3" name="com.timp.test.BPMA.Processo.ParametrosGerais.ParametrosGeraisPesquisaPorNomeDeProcesso" time="59.964" errors="0" timestamp="12 oct. 2021 16:13:11 GMT" skipped="0">
  <testcase classname="com.timp.test.BPMA.Processo.ParametrosGerais.ParametrosGeraisPesquisaPorNomeDeProcesso" name="login" time="16.654"/>
  <testcase classname="com.timp.test.BPMA.Processo.ParametrosGerais.ParametrosGeraisPesquisaPorNomeDeProcesso" name="acessarBPMA" time="21.951"/>
  <testcase classname="com.timp.test.BPMA.Processo.ParametrosGerais.ParametrosGeraisPesquisaPorNomeDeProcesso" name="criar" time="21.359"/>
</testsuite> <!-- com.timp.test.BPMA.Processo.ParametrosGerais.ParametrosGeraisPesquisaPorNomeDeProcesso -->
