<?xml version="1.0" encoding="UTF-8"?>
<!-- Generated by org.testng.reporters.JUnitReportReporter -->
<testsuite hostname="WIN-39319556043" failures="0" tests="1" name="com.rs.test.spam.carrierTemplate.CarrierTemplate" time="46.537" errors="0" timestamp="2022-07-12T15:49:48 CST" skipped="0">
  <testcase classname="com.rs.test.spam.carrierTemplate.CarrierTemplate" name="filtersCarrierTemplate" time="46.537"/>
  <system-out/>
</testsuite> <!-- com.rs.test.spam.carrierTemplate.CarrierTemplate -->
