<?xml version="1.0" encoding="UTF-8"?>
<!-- Generated by org.testng.reporters.JUnitReportReporter -->
<testsuite hostname="DESKTOP-M23FVFN" failures="0" tests="1" name="com.timp.test.MDR.ParametrosContabilizacao.MapeamentoContabil.MapeamentoContabilEditar" time="1514.707" errors="0" timestamp="30 nov. 2021 20:09:34 GMT" skipped="0">
  <testcase classname="com.timp.test.MDR.ParametrosContabilizacao.MapeamentoContabil.MapeamentoContabilEditar" name="editar" time="1514.707"/>
</testsuite> <!-- com.timp.test.MDR.ParametrosContabilizacao.MapeamentoContabil.MapeamentoContabilEditar -->
