<?xml version="1.0" encoding="UTF-8"?>
<!-- Generated by org.testng.reporters.JUnitReportReporter -->
<testsuite hostname="MassielV" failures="0" tests="1" name="com.timp.test.MDR.CEP.Bairro.BairroDetalhes" time="86.863" errors="0" timestamp="26 nov. 2021 07:34:17 GMT" skipped="0">
  <testcase classname="com.timp.test.MDR.CEP.Bairro.BairroDetalhes" name="visualizar" time="86.863"/>
</testsuite> <!-- com.timp.test.MDR.CEP.Bairro.BairroDetalhes -->
