<?xml version="1.0" encoding="UTF-8"?>
<!-- Generated by org.testng.reporters.JUnitReportReporter -->
<testsuite hostname="WIN-39319556043" failures="0" tests="7" name="com.rs.test.configuration.countryCodes.CountryCodes" time="127.060" errors="0" timestamp="2022-07-04T13:01:13 CST" skipped="0">
  <testcase classname="com.rs.test.configuration.countryCodes.CountryCodes" name="filters" time="11.965"/>
  <system-out/>
  <testcase classname="com.rs.test.configuration.countryCodes.CountryCodes" name="createCountryCode" time="14.593"/>
  <system-out/>
  <testcase classname="com.rs.test.configuration.countryCodes.CountryCodes" name="editContryCode" time="16.740"/>
  <system-out/>
  <testcase classname="com.rs.test.configuration.countryCodes.CountryCodes" name="createModalPrefix" time="18.695"/>
  <system-out/>
  <testcase classname="com.rs.test.configuration.countryCodes.CountryCodes" name="editModalPrefix" time="25.354"/>
  <system-out/>
  <testcase classname="com.rs.test.configuration.countryCodes.CountryCodes" name="deleteModalPrefix" time="22.616"/>
  <system-out/>
  <testcase classname="com.rs.test.configuration.countryCodes.CountryCodes" name="deleteCountryCode" time="17.097"/>
  <system-out/>
</testsuite> <!-- com.rs.test.configuration.countryCodes.CountryCodes -->
