<?xml version="1.0" encoding="UTF-8"?>
<!-- Generated by org.testng.reporters.JUnitReportReporter -->
<testsuite hostname="MassielV" failures="0" tests="3" name="com.timp.test.CALENDAR.Tarefas.TarefasGatewayAprovação" time="293.274" errors="0" timestamp="10 nov. 2021 23:08:03 GMT" skipped="0">
  <testcase classname="com.timp.test.CALENDAR.Tarefas.TarefasGatewayAprovação" name="login" time="7.791"/>
  <testcase classname="com.timp.test.CALENDAR.Tarefas.TarefasGatewayAprovação" name="acessarCalendar" time="56.592"/>
  <testcase classname="com.timp.test.CALENDAR.Tarefas.TarefasGatewayAprovação" name="Calendar" time="228.891"/>
</testsuite> <!-- com.timp.test.CALENDAR.Tarefas.TarefasGatewayAprovação -->
