<?xml version="1.0" encoding="UTF-8"?>
<!-- Generated by org.testng.reporters.JUnitReportReporter -->
<testsuite hostname="MassielV" failures="0" tests="9" name="com.timp.test.BCB.Formula.HierarquiaConfiguracao.FormulaHierarquiaConfiguracaoTodasAsFuncionalidadesParte1" time="479.743" errors="0" timestamp="25 nov. 2021 02:19:43 GMT" skipped="0">
  <testcase classname="com.timp.test.BCB.Formula.HierarquiaConfiguracao.FormulaHierarquiaConfiguracaoTodasAsFuncionalidadesParte1" name="login" time="12.767"/>
  <testcase classname="com.timp.test.BCB.Formula.HierarquiaConfiguracao.FormulaHierarquiaConfiguracaoTodasAsFuncionalidadesParte1" name="brbEntrar" time="38.113"/>
  <testcase classname="com.timp.test.BCB.Formula.HierarquiaConfiguracao.FormulaHierarquiaConfiguracaoTodasAsFuncionalidadesParte1" name="criarConfiguracaoHierarquia" time="90.143"/>
  <testcase classname="com.timp.test.BCB.Formula.HierarquiaConfiguracao.FormulaHierarquiaConfiguracaoTodasAsFuncionalidadesParte1" name="criarConfiguracionConfiguracao" time="107.094"/>
  <testcase classname="com.timp.test.BCB.Formula.HierarquiaConfiguracao.FormulaHierarquiaConfiguracaoTodasAsFuncionalidadesParte1" name="criarConfiguracao" time="50.389"/>
  <testcase classname="com.timp.test.BCB.Formula.HierarquiaConfiguracao.FormulaHierarquiaConfiguracaoTodasAsFuncionalidadesParte1" name="outputBCB" time="50.975"/>
  <testcase classname="com.timp.test.BCB.Formula.HierarquiaConfiguracao.FormulaHierarquiaConfiguracaoTodasAsFuncionalidadesParte1" name="subNivel2" time="36.885"/>
  <testcase classname="com.timp.test.BCB.Formula.HierarquiaConfiguracao.FormulaHierarquiaConfiguracaoTodasAsFuncionalidadesParte1" name="subNivel3" time="43.019"/>
  <testcase classname="com.timp.test.BCB.Formula.HierarquiaConfiguracao.FormulaHierarquiaConfiguracaoTodasAsFuncionalidadesParte1" name="subNivel4" time="50.358"/>
</testsuite> <!-- com.timp.test.BCB.Formula.HierarquiaConfiguracao.FormulaHierarquiaConfiguracaoTodasAsFuncionalidadesParte1 -->
