<?xml version="1.0" encoding="UTF-8"?>
<!-- Generated by org.testng.reporters.JUnitReportReporter -->
<testsuite hostname="MassielV" failures="0" tests="2" name="com.timp.test.MDR.CEP.Municipio.MunicipioExcluirMassa" time="183.324" errors="0" timestamp="26 nov. 2021 07:34:17 GMT" skipped="0">
  <testcase classname="com.timp.test.MDR.CEP.Municipio.MunicipioExcluirMassa" name="excluirMassa" time="55.828"/>
  <testcase classname="com.timp.test.MDR.CEP.Municipio.MunicipioExcluirMassa" name="criar" time="127.496"/>
</testsuite> <!-- com.timp.test.MDR.CEP.Municipio.MunicipioExcluirMassa -->
