<?xml version="1.0" encoding="UTF-8"?>
<!-- Generated by org.testng.reporters.JUnitReportReporter -->
<<<<<<< HEAD
<testsuite hostname="DESKTOP-C57COV6" failures="0" tests="1" name="com.timp.test.TDK.Dashboard.DashboardCriar" time="227.851" errors="0" timestamp="26 oct. 2021 09:54:42 GMT" skipped="0">
  <testcase classname="com.timp.test.TDK.Dashboard.DashboardCriar" name="criar" time="227.851"/>
=======
<testsuite hostname="MassielV" failures="0" tests="2" name="com.timp.test.TDK.Dashboard.DashboardCriar" time="410.025" errors="0" timestamp="26 oct. 2021 11:29:17 GMT" skipped="0">
  <testcase classname="com.timp.test.TDK.Dashboard.DashboardCriar" name="criar" time="223.174"/>
  <testcase classname="com.timp.test.TDK.Dashboard.DashboardCriar" name="criar" time="186.851"/>
>>>>>>> branch 'Yessy' of https://github.com/salc1997/TIMP_R1.git
</testsuite> <!-- com.timp.test.TDK.Dashboard.DashboardCriar -->
