<?xml version="1.0" encoding="UTF-8"?>
<!-- Generated by org.testng.reporters.JUnitReportReporter -->
<testsuite hostname="MassielV" failures="0" tests="3" name="com.timp.test.BCB.Formula.Configuracao.Percentual" time="186.333" errors="0" timestamp="25 nov. 2021 02:10:37 GMT" skipped="0">
  <testcase classname="com.timp.test.BCB.Formula.Configuracao.Percentual" name="login" time="26.773"/>
  <testcase classname="com.timp.test.BCB.Formula.Configuracao.Percentual" name="brbEntrar" time="35.493"/>
  <testcase classname="com.timp.test.BCB.Formula.Configuracao.Percentual" name="criarConfiguracionConfiguracao" time="124.067"/>
</testsuite> <!-- com.timp.test.BCB.Formula.Configuracao.Percentual -->
