<?xml version="1.0" encoding="UTF-8"?>
<!-- Generated by org.testng.reporters.JUnitReportReporter -->
<testsuite hostname="WIN-39319556043" failures="0" tests="3" name="com.rs.test.configuration.messageGateway.MessageGateway" time="34.582" errors="0" timestamp="2022-07-26T16:35:51 CST" skipped="0">
  <testcase classname="com.rs.test.configuration.messageGateway.MessageGateway" name="edit" time="12.292"/>
  <system-out/>
  <testcase classname="com.rs.test.configuration.messageGateway.MessageGateway" name="createMessageGateway" time="14.136"/>
  <system-out/>
  <testcase classname="com.rs.test.configuration.messageGateway.MessageGateway" name="delete" time="8.154"/>
  <system-out/>
</testsuite> <!-- com.rs.test.configuration.messageGateway.MessageGateway -->
