<?xml version="1.0" encoding="UTF-8"?>
<!-- Generated by org.testng.reporters.JUnitReportReporter -->
<testsuite hostname="WIN-39319556043" failures="0" tests="3" name="com.rs.test.configuration.messageGateway.MessageGateway" time="36.930" errors="0" timestamp="2022-06-08T12:11:23 CST" skipped="0">
  <testcase classname="com.rs.test.configuration.messageGateway.MessageGateway" name="createMessageGateway" time="14.621"/>
  <system-out/>
  <testcase classname="com.rs.test.configuration.messageGateway.MessageGateway" name="edit" time="13.467"/>
  <system-out/>
  <testcase classname="com.rs.test.configuration.messageGateway.MessageGateway" name="delete" time="8.842"/>
  <system-out/>
</testsuite> <!-- com.rs.test.configuration.messageGateway.MessageGateway -->
