<?xml version="1.0" encoding="UTF-8"?>
<!-- Generated by org.testng.reporters.JUnitReportReporter -->
<testsuite hostname="WIN-39319556043" failures="0" tests="1" name="com.rs.test.spam.gtSpam.GTSpam" time="43.526" errors="0" timestamp="2022-07-22T11:39:17 CST" skipped="0">
  <testcase classname="com.rs.test.spam.gtSpam.GTSpam" name="filtersCarrierTemplate" time="43.526"/>
  <system-out/>
</testsuite> <!-- com.rs.test.spam.gtSpam.GTSpam -->
