<?xml version="1.0" encoding="UTF-8"?>
<!-- Generated by org.testng.reporters.JUnitReportReporter -->
<testsuite hostname="WIN-39319556043" failures="0" tests="7" name="com.rs.test.configuration.countryCodes.CountryCodes" time="128.738" errors="0" timestamp="2022-07-08T14:01:44 CST" skipped="0">
  <testcase classname="com.rs.test.configuration.countryCodes.CountryCodes" name="filters" time="11.834"/>
  <system-out/>
  <testcase classname="com.rs.test.configuration.countryCodes.CountryCodes" name="createCountryCode" time="14.491"/>
  <system-out/>
  <testcase classname="com.rs.test.configuration.countryCodes.CountryCodes" name="editContryCode" time="15.926"/>
  <system-out/>
  <testcase classname="com.rs.test.configuration.countryCodes.CountryCodes" name="createModalPrefix" time="19.267"/>
  <system-out/>
  <testcase classname="com.rs.test.configuration.countryCodes.CountryCodes" name="editModalPrefix" time="24.686"/>
  <system-out/>
  <testcase classname="com.rs.test.configuration.countryCodes.CountryCodes" name="deleteModalPrefix" time="22.984"/>
  <system-out/>
  <testcase classname="com.rs.test.configuration.countryCodes.CountryCodes" name="deleteCountryCode" time="19.550"/>
  <system-out/>
</testsuite> <!-- com.rs.test.configuration.countryCodes.CountryCodes -->
