<?xml version="1.0" encoding="UTF-8"?>
<!-- Generated by org.testng.reporters.JUnitReportReporter -->
<testsuite hostname="DESKTOP-C57COV6" failures="0" tests="1" name="com.timp.test.MDR.TabelasComplementaresParaObrigaçoesAcessorias.TabelaDeOutrosCreditos.TabelaDeOutrosCreditosExcluir" time="130.968" errors="0" timestamp="30 nov. 2021 15:04:15 GMT" skipped="0">
  <testcase classname="com.timp.test.MDR.TabelasComplementaresParaObrigaçoesAcessorias.TabelaDeOutrosCreditos.TabelaDeOutrosCreditosExcluir" name="excluir" time="130.968"/>
</testsuite> <!-- com.timp.test.MDR.TabelasComplementaresParaObrigaçoesAcessorias.TabelaDeOutrosCreditos.TabelaDeOutrosCreditosExcluir -->
