<?xml version="1.0" encoding="UTF-8"?>
<!-- Generated by org.testng.reporters.JUnitReportReporter -->
<testsuite hostname="DESKTOP-M23FVFN" failures="0" tests="1" name="com.timp.test.BRE.Estruturas.ParametrosGerais.EstruturasCriarMaisEditarMaisVisualizar" time="125.137" errors="0" timestamp="01 dic. 2021 12:51:34 GMT" skipped="0">
  <testcase classname="com.timp.test.BRE.Estruturas.ParametrosGerais.EstruturasCriarMaisEditarMaisVisualizar" name="criar" time="125.137"/>
</testsuite> <!-- com.timp.test.BRE.Estruturas.ParametrosGerais.EstruturasCriarMaisEditarMaisVisualizar -->
