<?xml version="1.0" encoding="UTF-8"?>
<!-- Generated by org.testng.reporters.JUnitReportReporter -->
<testsuite hostname="MassielV" failures="0" tests="3" name="com.timp.test.BPMA.AtivadorDeProcessos.AtivadorDeProcessosPesquisaPorNomeDoProcesso" time="60.416" errors="0" timestamp="12 oct. 2021 15:41:15 GMT" skipped="0">
  <testcase classname="com.timp.test.BPMA.AtivadorDeProcessos.AtivadorDeProcessosPesquisaPorNomeDoProcesso" name="login" time="15.768"/>
  <testcase classname="com.timp.test.BPMA.AtivadorDeProcessos.AtivadorDeProcessosPesquisaPorNomeDoProcesso" name="acessarBPMA" time="31.966"/>
  <testcase classname="com.timp.test.BPMA.AtivadorDeProcessos.AtivadorDeProcessosPesquisaPorNomeDoProcesso" name="criar" time="12.682"/>
</testsuite> <!-- com.timp.test.BPMA.AtivadorDeProcessos.AtivadorDeProcessosPesquisaPorNomeDoProcesso -->
