<?xml version="1.0" encoding="UTF-8"?>
<!-- Generated by org.testng.reporters.JUnitReportReporter -->
<testsuite hostname="WIN-39319556043" failures="0" tests="3" name="com.rs.test.configuration.actionTemplates.ActionTemplates" time="39.253" errors="0" timestamp="2022-06-30T19:36:26 CST" skipped="0">
  <testcase classname="com.rs.test.configuration.actionTemplates.ActionTemplates" name="editActionTemplate" time="17.331"/>
  <system-out/>
  <testcase classname="com.rs.test.configuration.actionTemplates.ActionTemplates" name="createActionTemplate" time="10.632"/>
  <system-out/>
  <testcase classname="com.rs.test.configuration.actionTemplates.ActionTemplates" name="deleteActionTemplate" time="11.290"/>
  <system-out/>
</testsuite> <!-- com.rs.test.configuration.actionTemplates.ActionTemplates -->
