<?xml version="1.0" encoding="UTF-8"?>
<!-- Generated by org.testng.reporters.JUnitReportReporter -->
<testsuite hostname="MassielV" failures="0" tests="1" name="com.timp.test.TDK.Kpis.Raiz.KpisRaizFiltroPorId" time="91.195" errors="0" timestamp="26 oct. 2021 09:28:46 GMT" skipped="0">
  <testcase classname="com.timp.test.TDK.Kpis.Raiz.KpisRaizFiltroPorId" name="filtro" time="91.195"/>
</testsuite> <!-- com.timp.test.TDK.Kpis.Raiz.KpisRaizFiltroPorId -->
