<?xml version="1.0" encoding="UTF-8"?>
<!-- Generated by org.testng.reporters.JUnitReportReporter -->
<testsuite hostname="MassielV" failures="0" tests="3" name="com.timp.test.CALENDAR.ParametrosGerais.CalendarioDeUsuarios" time="90.898" errors="0" timestamp="10 nov. 2021 15:13:10 GMT" skipped="0">
  <testcase classname="com.timp.test.CALENDAR.ParametrosGerais.CalendarioDeUsuarios" name="login" time="14.807"/>
  <testcase classname="com.timp.test.CALENDAR.ParametrosGerais.CalendarioDeUsuarios" name="acessarCalendar" time="47.891"/>
  <testcase classname="com.timp.test.CALENDAR.ParametrosGerais.CalendarioDeUsuarios" name="CalendarEntrar" time="28.200"/>
</testsuite> <!-- com.timp.test.CALENDAR.ParametrosGerais.CalendarioDeUsuarios -->
