<?xml version="1.0" encoding="UTF-8"?>
<!-- Generated by org.testng.reporters.JUnitReportReporter -->
<testsuite hostname="WIN-39319556043" failures="0" tests="4" name="com.rs.test.clusterConfiguration.clusterCallToAction.ClusterCallToAction" time="148.762" errors="0" timestamp="2022-05-16T14:53:08 CST" skipped="0">
  <testcase classname="com.rs.test.clusterConfiguration.clusterCallToAction.ClusterCallToAction" name="editClusterCallToAction" time="41.279"/>
  <system-out/>
  <testcase classname="com.rs.test.clusterConfiguration.clusterCallToAction.ClusterCallToAction" name="deleteClusterCallToAction" time="23.543"/>
  <system-out/>
  <testcase classname="com.rs.test.clusterConfiguration.clusterCallToAction.ClusterCallToAction" name="createClusterCallToAction" time="35.556"/>
  <system-out/>
  <testcase classname="com.rs.test.clusterConfiguration.clusterCallToAction.ClusterCallToAction" name="filters" time="48.384"/>
  <system-out/>
</testsuite> <!-- com.rs.test.clusterConfiguration.clusterCallToAction.ClusterCallToAction -->
