<?xml version="1.0" encoding="UTF-8"?>
<!-- Generated by org.testng.reporters.JUnitReportReporter -->
<testsuite hostname="DESKTOP-M23FVFN" failures="0" tests="1" name="com.timp.test.ADM.Configuração.ManuaisDeComponente.ManuaisDeComponenteExcluir" time="131.857" errors="0" timestamp="02 dic. 2021 21:57:43 GMT" skipped="0">
  <testcase classname="com.timp.test.ADM.Configuração.ManuaisDeComponente.ManuaisDeComponenteExcluir" name="Excluir" time="131.857"/>
</testsuite> <!-- com.timp.test.ADM.Configuração.ManuaisDeComponente.ManuaisDeComponenteExcluir -->
