<?xml version="1.0" encoding="UTF-8"?>
<!-- Generated by org.testng.reporters.JUnitReportReporter -->
<testsuite hostname="WIN-39319556043" failures="0" tests="3" name="com.rs.test.configuration.actionTemplates.ActionTemplates" time="41.883" errors="0" timestamp="2022-07-26T16:35:51 CST" skipped="0">
  <testcase classname="com.rs.test.configuration.actionTemplates.ActionTemplates" name="editActionTemplate" time="18.234"/>
  <system-out/>
  <testcase classname="com.rs.test.configuration.actionTemplates.ActionTemplates" name="createActionTemplate" time="10.285"/>
  <system-out/>
  <testcase classname="com.rs.test.configuration.actionTemplates.ActionTemplates" name="deleteActionTemplate" time="13.364"/>
  <system-out/>
</testsuite> <!-- com.rs.test.configuration.actionTemplates.ActionTemplates -->
