<?xml version="1.0" encoding="UTF-8"?>
<!-- Generated by org.testng.reporters.JUnitReportReporter -->
<testsuite hostname="DESKTOP-5P4F1JE" failures="0" tests="3" name="com.timp.test.MDR.Siscoserv.Enquadramento.EnquadramentoEditar" time="90.880" errors="0" timestamp="20 Oct 2020 20:36:16 GMT">
  <testcase classname="com.timp.test.MDR.Siscoserv.Enquadramento.EnquadramentoEditar" name="login" time="8.095"/>
  <testcase classname="com.timp.test.MDR.Siscoserv.Enquadramento.EnquadramentoEditar" name="editar" time="60.804"/>
  <testcase classname="com.timp.test.MDR.Siscoserv.Enquadramento.EnquadramentoEditar" name="acessarMDR" time="21.981"/>
</testsuite> <!-- com.timp.test.MDR.Siscoserv.Enquadramento.EnquadramentoEditar -->
