<?xml version="1.0" encoding="UTF-8"?>
<!-- Generated by org.testng.reporters.JUnitReportReporter -->
<testsuite hostname="DESKTOP-M23FVFN" failures="0" tests="1" name="com.timp.test.MDR.ParametrosContabilizacao.MapeamentoContabilCorrecao.MapeamentoContabilCorrecaoExcluir" time="134.903" errors="0" timestamp="30 nov. 2021 19:37:05 GMT" skipped="0">
  <testcase classname="com.timp.test.MDR.ParametrosContabilizacao.MapeamentoContabilCorrecao.MapeamentoContabilCorrecaoExcluir" name="excluir" time="134.903"/>
</testsuite> <!-- com.timp.test.MDR.ParametrosContabilizacao.MapeamentoContabilCorrecao.MapeamentoContabilCorrecaoExcluir -->
