<?xml version="1.0" encoding="UTF-8"?>
<!-- Generated by org.testng.reporters.JUnitReportReporter -->
<testsuite hostname="WIN-39319556043" failures="0" tests="1" name="com.rs.test.login.Login" time="15.417" errors="0" timestamp="2022-04-05T15:30:29 CST" skipped="0">
  <testcase classname="com.rs.test.login.Login" name="loginTest" time="15.417"/>
  <system-out/>
</testsuite> <!-- com.rs.test.login.Login -->
