<?xml version="1.0" encoding="UTF-8"?>
<!-- Generated by org.testng.reporters.JUnitReportReporter -->
<testsuite hostname="DESKTOP-C57COV6" failures="0" tests="1" name="com.timp.test.MDR.TabelasApoioESocial.Tabela03.NaturezaDasRubricasEditar" time="150.595" errors="0" timestamp="30 nov. 2021 18:48:45 GMT" skipped="0">
  <testcase classname="com.timp.test.MDR.TabelasApoioESocial.Tabela03.NaturezaDasRubricasEditar" name="editar" time="150.595"/>
</testsuite> <!-- com.timp.test.MDR.TabelasApoioESocial.Tabela03.NaturezaDasRubricasEditar -->
