<?xml version="1.0" encoding="UTF-8"?>
<!-- Generated by org.testng.reporters.JUnitReportReporter -->
<testsuite hostname="MassielV" failures="0" tests="3" name="com.timp.test.CALENDAR.Tarefas.TarefaManual" time="965.911" errors="0" timestamp="10 nov. 2021 19:52:12 GMT" skipped="0">
  <testcase classname="com.timp.test.CALENDAR.Tarefas.TarefaManual" name="login" time="638.081"/>
  <testcase classname="com.timp.test.CALENDAR.Tarefas.TarefaManual" name="acessarCalendar" time="68.810"/>
  <testcase classname="com.timp.test.CALENDAR.Tarefas.TarefaManual" name="Calendar" time="259.020"/>
</testsuite> <!-- com.timp.test.CALENDAR.Tarefas.TarefaManual -->
