<?xml version="1.0" encoding="UTF-8"?>
<!-- Generated by org.testng.reporters.JUnitReportReporter -->
<testsuite hostname="DESKTOP-C57COV6" failures="0" tests="1" name="com.timp.test.TDK.Dashboard.Edicao.DashboardTabelaExcluir" time="221.744" errors="0" timestamp="26 oct. 2021 09:54:42 GMT" skipped="0">
  <testcase classname="com.timp.test.TDK.Dashboard.Edicao.DashboardTabelaExcluir" name="excluir" time="221.744"/>
</testsuite> <!-- com.timp.test.TDK.Dashboard.Edicao.DashboardTabelaExcluir -->
