<?xml version="1.0" encoding="UTF-8"?>
<!-- Generated by org.testng.reporters.JUnitReportReporter -->
<testsuite hostname="MassielV" failures="0" tests="3" name="com.timp.test.BPMA.ProcessodeNegocio.ProcessodeNegócioCriarProcessocomTarefadeUsuário" time="364.999" errors="0" timestamp="12 oct. 2021 19:29:55 GMT" skipped="0">
  <testcase classname="com.timp.test.BPMA.ProcessodeNegocio.ProcessodeNegócioCriarProcessocomTarefadeUsuário" name="login" time="28.162"/>
  <testcase classname="com.timp.test.BPMA.ProcessodeNegocio.ProcessodeNegócioCriarProcessocomTarefadeUsuário" name="BPMAEntrar" time="44.046"/>
  <testcase classname="com.timp.test.BPMA.ProcessodeNegocio.ProcessodeNegócioCriarProcessocomTarefadeUsuário" name="criar" time="292.791"/>
</testsuite> <!-- com.timp.test.BPMA.ProcessodeNegocio.ProcessodeNegócioCriarProcessocomTarefadeUsuário -->
