<?xml version="1.0" encoding="UTF-8"?>
<!-- Generated by org.testng.reporters.JUnitReportReporter -->
<testsuite hostname="DESKTOP-C57COV6" failures="0" tests="1" name="com.timp.test.MDR.CadastroCondiçao.CadasatroCondicaoVisualizar" time="130.852" errors="0" timestamp="30 nov. 2021 10:47:46 GMT" skipped="0">
  <testcase classname="com.timp.test.MDR.CadastroCondiçao.CadasatroCondicaoVisualizar" name="visualizar" time="130.852"/>
</testsuite> <!-- com.timp.test.MDR.CadastroCondiçao.CadasatroCondicaoVisualizar -->
