<?xml version="1.0" encoding="UTF-8"?>
<!-- Generated by org.testng.reporters.JUnitReportReporter -->
<testsuite hostname="DESKTOP-C57COV6" failures="0" tests="2" name="com.timp.test.MDR.TabelasApoioESocial.Tabela08.ClassificacaoTributariaExcluirMassa" time="255.335" errors="0" timestamp="26 nov. 2021 06:07:12 GMT" skipped="0">
  <testcase classname="com.timp.test.MDR.TabelasApoioESocial.Tabela08.ClassificacaoTributariaExcluirMassa" name="criar" time="199.068"/>
  <testcase classname="com.timp.test.MDR.TabelasApoioESocial.Tabela08.ClassificacaoTributariaExcluirMassa" name="excluirMassa" time="56.267"/>
</testsuite> <!-- com.timp.test.MDR.TabelasApoioESocial.Tabela08.ClassificacaoTributariaExcluirMassa -->
