<?xml version="1.0" encoding="UTF-8"?>
<!-- Generated by org.testng.reporters.JUnitReportReporter -->
<testsuite hostname="MassielV" failures="0" tests="2" name="com.timp.test.MDR.CodigoReceita.CodigoReceitaExcluirEmMassa" time="205.786" errors="0" timestamp="26 nov. 2021 19:25:40 GMT" skipped="0">
  <testcase classname="com.timp.test.MDR.CodigoReceita.CodigoReceitaExcluirEmMassa" name="criar" time="159.364"/>
  <testcase classname="com.timp.test.MDR.CodigoReceita.CodigoReceitaExcluirEmMassa" name="excluir" time="46.422"/>
</testsuite> <!-- com.timp.test.MDR.CodigoReceita.CodigoReceitaExcluirEmMassa -->
