<?xml version="1.0" encoding="UTF-8"?>
<!-- Generated by org.testng.reporters.JUnitReportReporter -->
<testsuite hostname="MassielV" failures="0" tests="3" name="com.timp.test.BPMA.Processo.ParametrosGerais.ParametrosGeraisVisualizar" time="265.806" errors="0" timestamp="12 oct. 2021 16:19:00 GMT" skipped="0">
  <testcase classname="com.timp.test.BPMA.Processo.ParametrosGerais.ParametrosGeraisVisualizar" name="login" time="8.727"/>
  <testcase classname="com.timp.test.BPMA.Processo.ParametrosGerais.ParametrosGeraisVisualizar" name="BPMAEntrar" time="22.798"/>
  <testcase classname="com.timp.test.BPMA.Processo.ParametrosGerais.ParametrosGeraisVisualizar" name="visualizar" time="234.281"/>
</testsuite> <!-- com.timp.test.BPMA.Processo.ParametrosGerais.ParametrosGeraisVisualizar -->
