<?xml version="1.0" encoding="UTF-8"?>
<!-- Generated by org.testng.reporters.JUnitReportReporter -->
<testsuite hostname="DESKTOP-C57COV6" failures="0" tests="3" name="com.timp.test.MDR.TaxasDeActualizacao.AliquotasDeTaxaDeActualizacaoCriar" time="95.061" errors="0" timestamp="31 ago. 2021 15:59:00 GMT" skipped="0">
  <testcase classname="com.timp.test.MDR.TaxasDeActualizacao.AliquotasDeTaxaDeActualizacaoCriar" name="login" time="7.397"/>
  <testcase classname="com.timp.test.MDR.TaxasDeActualizacao.AliquotasDeTaxaDeActualizacaoCriar" name="acessarMDR" time="30.141"/>
  <testcase classname="com.timp.test.MDR.TaxasDeActualizacao.AliquotasDeTaxaDeActualizacaoCriar" name="criar" time="57.523"/>
</testsuite> <!-- com.timp.test.MDR.TaxasDeActualizacao.AliquotasDeTaxaDeActualizacaoCriar -->
