<?xml version="1.0" encoding="UTF-8"?>
<!-- Generated by org.testng.reporters.JUnitReportReporter -->
<testsuite hostname="WIN-39319556043" failures="1" tests="9" name="com.rs.test.configuration.messageAggregators.MessageAggregators" time="147.971" errors="0" timestamp="2022-05-16T14:27:17 CST" skipped="0">
  <testcase classname="com.rs.test.configuration.messageAggregators.MessageAggregators" name="filters" time="13.897"/>
  <system-out/>
  <testcase classname="com.rs.test.configuration.messageAggregators.MessageAggregators" name="editPeerBlock" time="7.913"/>
  <system-out/>
  <testcase classname="com.rs.test.configuration.messageAggregators.MessageAggregators" name="editRoutePoints" time="15.453"/>
  <system-out/>
  <testcase classname="com.rs.test.configuration.messageAggregators.MessageAggregators" name="editMessageAggregator" time="23.178">
    <failure message="The record wasn&#039;t edited successfully expected [true] but found [false]" type="java.lang.AssertionError">
      <![CDATA[java.lang.AssertionError: The record wasn't edited successfully expected [true] but found [false]
at org.testng.Assert.fail(Assert.java:99)
at org.testng.Assert.failNotEquals(Assert.java:1037)
at org.testng.Assert.assertTrue(Assert.java:45)
at com.rs.test.pageObjectModel.configuration.messageAggregators.MessageAggregatorsPO.editMessageAggregator(MessageAggregatorsPO.java:404)
at com.rs.test.configuration.messageAggregators.MessageAggregators.editMessageAggregator(MessageAggregators.java:48)
at java.base/jdk.internal.reflect.NativeMethodAccessorImpl.invoke0(Native Method)
at java.base/jdk.internal.reflect.NativeMethodAccessorImpl.invoke(NativeMethodAccessorImpl.java:64)
at java.base/jdk.internal.reflect.DelegatingMethodAccessorImpl.invoke(DelegatingMethodAccessorImpl.java:43)
at java.base/java.lang.reflect.Method.invoke(Method.java:564)
at org.testng.internal.MethodInvocationHelper.invokeMethod(MethodInvocationHelper.java:133)
at org.testng.internal.TestInvoker.invokeMethod(TestInvoker.java:598)
at org.testng.internal.TestInvoker.invokeTestMethod(TestInvoker.java:173)
at org.testng.internal.MethodRunner.runInSequence(MethodRunner.java:46)
at org.testng.internal.TestInvoker$MethodInvocationAgent.invoke(TestInvoker.java:824)
at org.testng.internal.TestInvoker.invokeTestMethods(TestInvoker.java:146)
at org.testng.internal.TestMethodWorker.invokeTestMethods(TestMethodWorker.java:146)
at org.testng.internal.TestMethodWorker.run(TestMethodWorker.java:128)
at java.base/java.util.ArrayList.forEach(ArrayList.java:1511)
at org.testng.TestRunner.privateRun(TestRunner.java:794)
at org.testng.TestRunner.run(TestRunner.java:596)
at org.testng.SuiteRunner.runTest(SuiteRunner.java:377)
at org.testng.SuiteRunner.runSequentially(SuiteRunner.java:371)
at org.testng.SuiteRunner.privateRun(SuiteRunner.java:332)
at org.testng.SuiteRunner.run(SuiteRunner.java:276)
at org.testng.SuiteRunnerWorker.runSuite(SuiteRunnerWorker.java:53)
at org.testng.SuiteRunnerWorker.run(SuiteRunnerWorker.java:96)
at org.testng.TestNG.runSuitesSequentially(TestNG.java:1212)
at org.testng.TestNG.runSuitesLocally(TestNG.java:1134)
at org.testng.TestNG.runSuites(TestNG.java:1063)
at org.testng.TestNG.run(TestNG.java:1031)
at org.testng.remote.AbstractRemoteTestNG.run(AbstractRemoteTestNG.java:115)
at org.testng.remote.RemoteTestNG.initAndRun(RemoteTestNG.java:251)
at org.testng.remote.RemoteTestNG.main(RemoteTestNG.java:77)
]]>
    </failure>
  </testcase> <!-- editMessageAggregator -->
  <system-out/>
  <testcase classname="com.rs.test.configuration.messageAggregators.MessageAggregators" name="createMessageAggregator" time="19.740"/>
  <system-out/>
  <testcase classname="com.rs.test.configuration.messageAggregators.MessageAggregators" name="createRoutePoints" time="19.687"/>
  <system-out/>
  <testcase classname="com.rs.test.configuration.messageAggregators.MessageAggregators" name="deleteRoutePoints" time="6.175"/>
  <system-out/>
  <testcase classname="com.rs.test.configuration.messageAggregators.MessageAggregators" name="createPeerBlock" time="24.600"/>
  <system-out/>
  <testcase classname="com.rs.test.configuration.messageAggregators.MessageAggregators" name="deleteMessageAggregator" time="17.328"/>
  <system-out/>
</testsuite> <!-- com.rs.test.configuration.messageAggregators.MessageAggregators -->
