<?xml version="1.0" encoding="UTF-8"?>
<!-- Generated by org.testng.reporters.JUnitReportReporter -->
<<<<<<< HEAD
<testsuite hostname="DESKTOP-C57COV6" failures="0" tests="2" name="com.timp.test.MDR.IncentivosFiscais.IncentivosFiscaisExcluirEmMassa" time="286.379" errors="0" timestamp="26 nov. 2021 20:06:57 GMT" skipped="0">
  <testcase classname="com.timp.test.MDR.IncentivosFiscais.IncentivosFiscaisExcluirEmMassa" name="criar" time="239.730"/>
  <testcase classname="com.timp.test.MDR.IncentivosFiscais.IncentivosFiscaisExcluirEmMassa" name="excluirEmMassa" time="46.649"/>
=======
<testsuite hostname="MassielV" failures="0" tests="2" name="com.timp.test.MDR.IncentivosFiscais.IncentivosFiscaisExcluirEmMassa" time="247.001" errors="0" timestamp="25 nov. 2021 09:03:54 GMT" skipped="0">
  <testcase classname="com.timp.test.MDR.IncentivosFiscais.IncentivosFiscaisExcluirEmMassa" name="excluirEmMassa" time="43.199"/>
  <testcase classname="com.timp.test.MDR.IncentivosFiscais.IncentivosFiscaisExcluirEmMassa" name="criar" time="203.802"/>
>>>>>>> branch 'Yessy' of https://github.com/salc1997/TIMP_R1.git
</testsuite> <!-- com.timp.test.MDR.IncentivosFiscais.IncentivosFiscaisExcluirEmMassa -->
