<?xml version="1.0" encoding="UTF-8"?>
<!-- Generated by org.testng.reporters.JUnitReportReporter -->
<testsuite hostname="WIN-39319556043" failures="0" tests="8" name="com.rs.test.clusterConfiguration.clusterRouteRules.ClusterRouteRules" time="772.602" errors="0" timestamp="2022-07-12T16:04:32 CST" skipped="0">
  <testcase classname="com.rs.test.clusterConfiguration.clusterRouteRules.ClusterRouteRules" name="createSMSXClusterRouteRules" time="65.397"/>
  <system-out/>
  <testcase classname="com.rs.test.clusterConfiguration.clusterRouteRules.ClusterRouteRules" name="editSMSXClusterRouteRules" time="89.830"/>
  <system-out/>
  <testcase classname="com.rs.test.clusterConfiguration.clusterRouteRules.ClusterRouteRules" name="deleteSMSXClusterRouteRules" time="41.432"/>
  <system-out/>
  <testcase classname="com.rs.test.clusterConfiguration.clusterRouteRules.ClusterRouteRules" name="createISMSClusterRouteRules" time="255.818"/>
  <system-out/>
  <testcase classname="com.rs.test.clusterConfiguration.clusterRouteRules.ClusterRouteRules" name="editISMSClusterRouteRules" time="72.020"/>
  <system-out/>
  <testcase classname="com.rs.test.clusterConfiguration.clusterRouteRules.ClusterRouteRules" name="deleteISMSClusterRouteRules" time="39.396"/>
  <system-out/>
  <testcase classname="com.rs.test.clusterConfiguration.clusterRouteRules.ClusterRouteRules" name="filtersSMSxClusterRouteRules" time="110.540"/>
  <system-out/>
  <testcase classname="com.rs.test.clusterConfiguration.clusterRouteRules.ClusterRouteRules" name="filtersISMSClusterRouteRules" time="98.169"/>
  <system-out/>
</testsuite> <!-- com.rs.test.clusterConfiguration.clusterRouteRules.ClusterRouteRules -->
