<?xml version="1.0" encoding="UTF-8"?>
<!-- Generated by org.testng.reporters.JUnitReportReporter -->
<testsuite hostname="WIN-39319556043" failures="0" tests="4" name="com.rs.test.clusterConfiguration.clusterCallToAction.ClusterCallToAction" time="147.717" errors="0" timestamp="2022-07-04T13:01:13 CST" skipped="0">
  <testcase classname="com.rs.test.clusterConfiguration.clusterCallToAction.ClusterCallToAction" name="editClusterCallToAction" time="46.691"/>
  <system-out/>
  <testcase classname="com.rs.test.clusterConfiguration.clusterCallToAction.ClusterCallToAction" name="createClusterCallToAction" time="27.790"/>
  <system-out/>
  <testcase classname="com.rs.test.clusterConfiguration.clusterCallToAction.ClusterCallToAction" name="deleteClusterCallToAction" time="30.177"/>
  <system-out/>
  <testcase classname="com.rs.test.clusterConfiguration.clusterCallToAction.ClusterCallToAction" name="filters" time="43.059"/>
  <system-out/>
</testsuite> <!-- com.rs.test.clusterConfiguration.clusterCallToAction.ClusterCallToAction -->
