<?xml version="1.0" encoding="UTF-8"?>
<!-- Generated by org.testng.reporters.JUnitReportReporter -->
<testsuite hostname="WIN-39319556043" failures="0" tests="1" name="com.rs.test.login.Login" time="24.305" errors="0" timestamp="2022-03-09T13:56:36 CST" skipped="0">
  <testcase classname="com.rs.test.login.Login" name="loginTest" time="24.305"/>
  <system-out/>
</testsuite> <!-- com.rs.test.login.Login -->
