<?xml version="1.0" encoding="UTF-8"?>
<!-- Generated by org.testng.reporters.JUnitReportReporter -->
<testsuite hostname="WIN-39319556043" failures="0" tests="6" name="com.rs.test.configuration.characterEncoding.CharacterEncoding" time="105.515" errors="0" timestamp="2022-07-12T15:49:48 CST" skipped="0">
  <testcase classname="com.rs.test.configuration.characterEncoding.CharacterEncoding" name="createCharacterEncoding" time="12.280"/>
  <system-out/>
  <testcase classname="com.rs.test.configuration.characterEncoding.CharacterEncoding" name="editCharacterEncoding" time="20.432"/>
  <system-out/>
  <testcase classname="com.rs.test.configuration.characterEncoding.CharacterEncoding" name="deleteCharacterEncoding" time="10.765"/>
  <system-out/>
  <testcase classname="com.rs.test.configuration.characterEncoding.CharacterEncoding" name="createCustomEncodeCodePoint" time="17.565"/>
  <system-out/>
  <testcase classname="com.rs.test.configuration.characterEncoding.CharacterEncoding" name="editCustomEncodeCodePoint" time="22.146"/>
  <system-out/>
  <testcase classname="com.rs.test.configuration.characterEncoding.CharacterEncoding" name="deleteCustomEncodeCodePoint" time="22.327"/>
  <system-out/>
</testsuite> <!-- com.rs.test.configuration.characterEncoding.CharacterEncoding -->
