<?xml version="1.0" encoding="UTF-8"?>
<!-- Generated by org.testng.reporters.JUnitReportReporter -->
<testsuite hostname="WIN-39319556043" failures="0" tests="3" name="com.rs.test.messageClassification.DCS.DCS" time="39.400" errors="0" timestamp="2022-05-10T14:01:21 CST" skipped="0">
  <testcase classname="com.rs.test.messageClassification.DCS.DCS" name="createDCS" time="13.902"/>
  <system-out/>
  <testcase classname="com.rs.test.messageClassification.DCS.DCS" name="deleteDCS" time="14.105"/>
  <system-out/>
  <testcase classname="com.rs.test.messageClassification.DCS.DCS" name="filters" time="11.393"/>
  <system-out/>
</testsuite> <!-- com.rs.test.messageClassification.DCS.DCS -->
