<?xml version="1.0" encoding="UTF-8"?>
<!-- Generated by org.testng.reporters.JUnitReportReporter -->
<testsuite hostname="DESKTOP-M23FVFN" failures="0" tests="3" name="com.timp.test.SCANC.RelatoriosRefineriaGerados.RelatoriosRefinariaGeradosInformacao" time="168.872" errors="0" timestamp="30 nov. 2021 22:06:25 GMT" skipped="0">
  <testcase classname="com.timp.test.SCANC.RelatoriosRefineriaGerados.RelatoriosRefinariaGeradosInformacao" name="ingresar" time="17.411"/>
  <testcase classname="com.timp.test.SCANC.RelatoriosRefineriaGerados.RelatoriosRefinariaGeradosInformacao" name="scancEntrar" time="35.843"/>
  <testcase classname="com.timp.test.SCANC.RelatoriosRefineriaGerados.RelatoriosRefinariaGeradosInformacao" name="informacao" time="115.618"/>
</testsuite> <!-- com.timp.test.SCANC.RelatoriosRefineriaGerados.RelatoriosRefinariaGeradosInformacao -->
