<?xml version="1.0" encoding="UTF-8"?>
<!-- Generated by org.testng.reporters.JUnitReportReporter -->
<testsuite hostname="DESKTOP-C57COV6" failures="0" tests="2" name="com.timp.test.MDR.TabelasApoioESocial.Tabela14.AgenteCausadorDeAcidenteExcluirEmMassa" time="170.801" errors="0" timestamp="30 nov. 2021 09:48:49 GMT" skipped="0">
  <testcase classname="com.timp.test.MDR.TabelasApoioESocial.Tabela14.AgenteCausadorDeAcidenteExcluirEmMassa" name="criar" time="113.266"/>
  <testcase classname="com.timp.test.MDR.TabelasApoioESocial.Tabela14.AgenteCausadorDeAcidenteExcluirEmMassa" name="excluirEmMassa" time="57.535"/>
</testsuite> <!-- com.timp.test.MDR.TabelasApoioESocial.Tabela14.AgenteCausadorDeAcidenteExcluirEmMassa -->
