<?xml version="1.0" encoding="UTF-8"?>
<!-- Generated by org.testng.reporters.JUnitReportReporter -->
<testsuite hostname="WIN-39319556043" failures="0" tests="1" name="com.rs.test.clusterConfiguration.clusterProfile.ClusterProfile" time="46.420" errors="0" timestamp="2022-07-04T13:01:13 CST" skipped="0">
  <testcase classname="com.rs.test.clusterConfiguration.clusterProfile.ClusterProfile" name="editClusterProfile" time="46.420"/>
  <system-out/>
</testsuite> <!-- com.rs.test.clusterConfiguration.clusterProfile.ClusterProfile -->
