<?xml version="1.0" encoding="UTF-8"?>
<!-- Generated by org.testng.reporters.JUnitReportReporter -->
<testsuite hostname="MassielV" failures="0" tests="1" name="com.timp.test.CALENDAR.ParametrosGerais.TarefaAbrirCalendario" time="272.748" errors="0" timestamp="10 nov. 2021 16:23:25 GMT" skipped="0">
  <testcase classname="com.timp.test.CALENDAR.ParametrosGerais.TarefaAbrirCalendario" name="CalendarEntrar" time="272.748"/>
</testsuite> <!-- com.timp.test.CALENDAR.ParametrosGerais.TarefaAbrirCalendario -->
