<?xml version="1.0" encoding="UTF-8"?>
<!-- Generated by org.testng.reporters.JUnitReportReporter -->
<testsuite hostname="WIN-39319556043" failures="0" tests="6" name="com.rs.test.configuration.characterEncoding.CharacterEncoding" time="117.790" errors="0" timestamp="2022-07-04T13:01:13 CST" skipped="0">
  <testcase classname="com.rs.test.configuration.characterEncoding.CharacterEncoding" name="createCharacterEncoding" time="14.552"/>
  <system-out/>
  <testcase classname="com.rs.test.configuration.characterEncoding.CharacterEncoding" name="editCharacterEncoding" time="23.239"/>
  <system-out/>
  <testcase classname="com.rs.test.configuration.characterEncoding.CharacterEncoding" name="deleteCharacterEncoding" time="11.344"/>
  <system-out/>
  <testcase classname="com.rs.test.configuration.characterEncoding.CharacterEncoding" name="createCustomEncodeCodePoint" time="19.419"/>
  <system-out/>
  <testcase classname="com.rs.test.configuration.characterEncoding.CharacterEncoding" name="editCustomEncodeCodePoint" time="25.403"/>
  <system-out/>
  <testcase classname="com.rs.test.configuration.characterEncoding.CharacterEncoding" name="deleteCustomEncodeCodePoint" time="23.833"/>
  <system-out/>
</testsuite> <!-- com.rs.test.configuration.characterEncoding.CharacterEncoding -->
