<?xml version="1.0" encoding="UTF-8"?>
<!-- Generated by org.testng.reporters.JUnitReportReporter -->
<testsuite hostname="DESKTOP-M23FVFN" failures="0" tests="1" name="com.timp.test.MDR.TabelasComplementaresParaObrigaçoesAcessorias.TabelaComplementarParaDIRF.TabelaComplementarParaDIRFExcluir" time="186.653" errors="0" timestamp="30 nov. 2021 21:08:44 GMT" skipped="0">
  <testcase classname="com.timp.test.MDR.TabelasComplementaresParaObrigaçoesAcessorias.TabelaComplementarParaDIRF.TabelaComplementarParaDIRFExcluir" name="excluir" time="186.653"/>
</testsuite> <!-- com.timp.test.MDR.TabelasComplementaresParaObrigaçoesAcessorias.TabelaComplementarParaDIRF.TabelaComplementarParaDIRFExcluir -->
