<?xml version="1.0" encoding="UTF-8"?>
<!-- Generated by org.testng.reporters.JUnitReportReporter -->
<testsuite hostname="WIN-39319556043" failures="0" tests="1" name="com.rs.test.login.Login" time="15.531" errors="0" timestamp="2022-03-23T15:38:37 CST" skipped="0">
  <testcase classname="com.rs.test.login.Login" name="loginTest" time="15.531"/>
  <system-out/>
</testsuite> <!-- com.rs.test.login.Login -->
