<?xml version="1.0" encoding="UTF-8"?>
<!-- Generated by org.testng.reporters.JUnitReportReporter -->
<testsuite hostname="WIN-39319556043" failures="1" tests="6" name="com.rs.test.messageClassification.ChangeSet.ChangeSet" time="18.917" errors="0" timestamp="2022-07-26T16:35:51 CST" skipped="5">
  <testcase classname="com.rs.test.messageClassification.ChangeSet.ChangeSet" name="createChangeSet" time="18.917">
    <failure message="The record was not created successfully expected [true] but found [false]" type="java.lang.AssertionError">
      <![CDATA[java.lang.AssertionError: The record was not created successfully expected [true] but found [false]
at org.testng.Assert.fail(Assert.java:99)
at org.testng.Assert.failNotEquals(Assert.java:1037)
at org.testng.Assert.assertTrue(Assert.java:45)
at com.rs.test.pageObjectModel.messageClassification.ChangeSet.ChangeSetPO.createChangeSet(ChangeSetPO.java:476)
at com.rs.test.messageClassification.ChangeSet.ChangeSet.createChangeSet(ChangeSet.java:33)
at java.base/jdk.internal.reflect.NativeMethodAccessorImpl.invoke0(Native Method)
at java.base/jdk.internal.reflect.NativeMethodAccessorImpl.invoke(NativeMethodAccessorImpl.java:64)
at java.base/jdk.internal.reflect.DelegatingMethodAccessorImpl.invoke(DelegatingMethodAccessorImpl.java:43)
at java.base/java.lang.reflect.Method.invoke(Method.java:564)
at org.testng.internal.MethodInvocationHelper.invokeMethod(MethodInvocationHelper.java:133)
at org.testng.internal.TestInvoker.invokeMethod(TestInvoker.java:598)
at org.testng.internal.TestInvoker.invokeTestMethod(TestInvoker.java:173)
at org.testng.internal.MethodRunner.runInSequence(MethodRunner.java:46)
at org.testng.internal.TestInvoker$MethodInvocationAgent.invoke(TestInvoker.java:824)
at org.testng.internal.TestInvoker.invokeTestMethods(TestInvoker.java:146)
at org.testng.internal.TestMethodWorker.invokeTestMethods(TestMethodWorker.java:146)
at org.testng.internal.TestMethodWorker.run(TestMethodWorker.java:128)
at java.base/java.util.ArrayList.forEach(ArrayList.java:1511)
at org.testng.TestRunner.privateRun(TestRunner.java:794)
at org.testng.TestRunner.run(TestRunner.java:596)
at org.testng.SuiteRunner.runTest(SuiteRunner.java:377)
at org.testng.SuiteRunner.runSequentially(SuiteRunner.java:371)
at org.testng.SuiteRunner.privateRun(SuiteRunner.java:332)
at org.testng.SuiteRunner.run(SuiteRunner.java:276)
at org.testng.SuiteRunnerWorker.runSuite(SuiteRunnerWorker.java:53)
at org.testng.SuiteRunnerWorker.run(SuiteRunnerWorker.java:96)
at org.testng.TestNG.runSuitesSequentially(TestNG.java:1212)
at org.testng.TestNG.runSuitesLocally(TestNG.java:1134)
at org.testng.TestNG.runSuites(TestNG.java:1063)
at org.testng.TestNG.run(TestNG.java:1031)
at org.testng.remote.AbstractRemoteTestNG.run(AbstractRemoteTestNG.java:115)
at org.testng.remote.RemoteTestNG.initAndRun(RemoteTestNG.java:251)
at org.testng.remote.RemoteTestNG.main(RemoteTestNG.java:77)
]]>
    </failure>
  </testcase> <!-- createChangeSet -->
  <system-out/>
  <testcase classname="com.rs.test.messageClassification.ChangeSet.ChangeSet" name="editChangeSet" time="0.000">
    <skipped/>
  </testcase> <!-- editChangeSet -->
  <system-out/>
  <testcase classname="com.rs.test.messageClassification.ChangeSet.ChangeSet" name="createChangeSetMessageClassification" time="0.000">
    <skipped/>
  </testcase> <!-- createChangeSetMessageClassification -->
  <system-out/>
  <testcase classname="com.rs.test.messageClassification.ChangeSet.ChangeSet" name="editChangeSetMessageClassification" time="0.000">
    <skipped/>
  </testcase> <!-- editChangeSetMessageClassification -->
  <system-out/>
  <testcase classname="com.rs.test.messageClassification.ChangeSet.ChangeSet" name="deleteChangeSetMessageClassification" time="0.000">
    <skipped/>
  </testcase> <!-- deleteChangeSetMessageClassification -->
  <system-out/>
  <testcase classname="com.rs.test.messageClassification.ChangeSet.ChangeSet" name="deleteChangeSet" time="0.000">
    <skipped/>
  </testcase> <!-- deleteChangeSet -->
  <system-out/>
</testsuite> <!-- com.rs.test.messageClassification.ChangeSet.ChangeSet -->
