<?xml version="1.0" encoding="UTF-8"?>
<!-- Generated by org.testng.reporters.JUnitReportReporter -->
<testsuite hostname="DESKTOP-C57COV6" failures="0" tests="1" name="com.timp.test.DFG.Configuracoes.ConfiguracoesCriarGrerenciarMoverPasta" time="272.252" errors="0" timestamp="25 nov. 2021 02:39:59 GMT" skipped="0">
  <testcase classname="com.timp.test.DFG.Configuracoes.ConfiguracoesCriarGrerenciarMoverPasta" name="criarGerenciarMoverPasta" time="272.252"/>
</testsuite> <!-- com.timp.test.DFG.Configuracoes.ConfiguracoesCriarGrerenciarMoverPasta -->
