<?xml version="1.0" encoding="UTF-8"?>
<!-- Generated by org.testng.reporters.JUnitReportReporter -->
<testsuite hostname="WIN-39319556043" failures="0" tests="3" name="com.rs.test.messageClassification.DCS.DCS" time="37.854" errors="0" timestamp="2022-07-08T14:01:44 CST" skipped="0">
  <testcase classname="com.rs.test.messageClassification.DCS.DCS" name="createDCS" time="12.265"/>
  <system-out/>
  <testcase classname="com.rs.test.messageClassification.DCS.DCS" name="deleteDCS" time="15.669"/>
  <system-out/>
  <testcase classname="com.rs.test.messageClassification.DCS.DCS" name="filters" time="9.920"/>
  <system-out/>
</testsuite> <!-- com.rs.test.messageClassification.DCS.DCS -->
