<?xml version="1.0" encoding="UTF-8"?>
<!-- Generated by org.testng.reporters.JUnitReportReporter -->
<testsuite hostname="WIN-39319556043" failures="0" tests="3" name="com.rs.test.messageClassification.DCS.DCS" time="40.191" errors="0" timestamp="2022-06-08T12:11:23 CST" skipped="0">
  <testcase classname="com.rs.test.messageClassification.DCS.DCS" name="createDCS" time="14.131"/>
  <system-out/>
  <testcase classname="com.rs.test.messageClassification.DCS.DCS" name="deleteDCS" time="14.579"/>
  <system-out/>
  <testcase classname="com.rs.test.messageClassification.DCS.DCS" name="filters" time="11.481"/>
  <system-out/>
</testsuite> <!-- com.rs.test.messageClassification.DCS.DCS -->
