<?xml version="1.0" encoding="UTF-8"?>
<!-- Generated by org.testng.reporters.JUnitReportReporter -->
<testsuite hostname="DESKTOP-C57COV6" failures="0" tests="2" name="com.timp.test.MDR.TabelasApoioESocial.Tabela12.CompatibilidadeEntreLotaçãoExcluirEmMassa" time="203.266" errors="0" timestamp="30 nov. 2021 09:48:50 GMT" skipped="0">
  <testcase classname="com.timp.test.MDR.TabelasApoioESocial.Tabela12.CompatibilidadeEntreLotaçãoExcluirEmMassa" name="criar" time="166.897"/>
  <testcase classname="com.timp.test.MDR.TabelasApoioESocial.Tabela12.CompatibilidadeEntreLotaçãoExcluirEmMassa" name="excluirEmMassa" time="36.369"/>
</testsuite> <!-- com.timp.test.MDR.TabelasApoioESocial.Tabela12.CompatibilidadeEntreLotaçãoExcluirEmMassa -->
