<?xml version="1.0" encoding="UTF-8"?>
<!-- Generated by org.testng.reporters.JUnitReportReporter -->
<testsuite hostname="DESKTOP-C57COV6" failures="0" tests="3" name="com.timp.test.BRB.Formula" time="300.566" errors="0" timestamp="03 dic. 2021 00:30:51 GMT" skipped="0">
  <testcase classname="com.timp.test.BRB.Formula" name="formulaBoton" time="113.795"/>
  <testcase classname="com.timp.test.BRB.Formula" name="aplicar" time="17.573"/>
  <testcase classname="com.timp.test.BRB.Formula" name="formulaColuna" time="169.198"/>
</testsuite> <!-- com.timp.test.BRB.Formula -->
