<?xml version="1.0" encoding="UTF-8"?>
<!-- Generated by org.testng.reporters.JUnitReportReporter -->
<testsuite hostname="WIN-39319556043" failures="0" tests="4" name="com.rs.test.configuration.carrierService.CarrierService" time="105.750" errors="0" timestamp="2022-06-08T12:11:23 CST" skipped="0">
  <testcase classname="com.rs.test.configuration.carrierService.CarrierService" name="editCarrierService" time="30.888"/>
  <system-out/>
  <testcase classname="com.rs.test.configuration.carrierService.CarrierService" name="filters" time="35.602"/>
  <system-out/>
  <testcase classname="com.rs.test.configuration.carrierService.CarrierService" name="deleteCarrierService" time="18.884"/>
  <system-out/>
  <testcase classname="com.rs.test.configuration.carrierService.CarrierService" name="createCarrierService" time="20.376"/>
  <system-out/>
</testsuite> <!-- com.rs.test.configuration.carrierService.CarrierService -->
