<?xml version="1.0" encoding="UTF-8"?>
<!-- Generated by org.testng.reporters.JUnitReportReporter -->
<testsuite hostname="WIN-39319556043" failures="0" tests="1" name="com.rs.test.clusterConfiguration.clusterProfile.ClusterProfile" time="44.029" errors="0" timestamp="2022-07-01T12:55:58 CST" skipped="0">
  <testcase classname="com.rs.test.clusterConfiguration.clusterProfile.ClusterProfile" name="createClusterProfile" time="44.029"/>
  <system-out/>
</testsuite> <!-- com.rs.test.clusterConfiguration.clusterProfile.ClusterProfile -->
