<?xml version="1.0" encoding="UTF-8"?>
<!-- Generated by org.testng.reporters.JUnitReportReporter -->
<testsuite hostname="WIN-39319556043" failures="0" tests="4" name="com.rs.test.clusterConfiguration.clusterCallToAction.ClusterCallToAction" time="139.669" errors="0" timestamp="2022-06-08T12:11:23 CST" skipped="0">
  <testcase classname="com.rs.test.clusterConfiguration.clusterCallToAction.ClusterCallToAction" name="editClusterCallToAction" time="38.560"/>
  <system-out/>
  <testcase classname="com.rs.test.clusterConfiguration.clusterCallToAction.ClusterCallToAction" name="createClusterCallToAction" time="29.716"/>
  <system-out/>
  <testcase classname="com.rs.test.clusterConfiguration.clusterCallToAction.ClusterCallToAction" name="deleteClusterCallToAction" time="23.261"/>
  <system-out/>
  <testcase classname="com.rs.test.clusterConfiguration.clusterCallToAction.ClusterCallToAction" name="filters" time="48.132"/>
  <system-out/>
</testsuite> <!-- com.rs.test.clusterConfiguration.clusterCallToAction.ClusterCallToAction -->
