<?xml version="1.0" encoding="UTF-8"?>
<!-- Generated by org.testng.reporters.JUnitReportReporter -->
<testsuite hostname="DESKTOP-M23FVFN" failures="0" tests="3" name="com.timp.test.SCANC.ArquivosImportados.ArquivosImportadosFiltrosAvancados" time="182.221" errors="0" timestamp="30 nov. 2021 19:54:20 GMT" skipped="0">
  <testcase classname="com.timp.test.SCANC.ArquivosImportados.ArquivosImportadosFiltrosAvancados" name="ingresar" time="53.880"/>
  <testcase classname="com.timp.test.SCANC.ArquivosImportados.ArquivosImportadosFiltrosAvancados" name="scancEntrar" time="42.726"/>
  <testcase classname="com.timp.test.SCANC.ArquivosImportados.ArquivosImportadosFiltrosAvancados" name="filtrosAvancados" time="85.615"/>
</testsuite> <!-- com.timp.test.SCANC.ArquivosImportados.ArquivosImportadosFiltrosAvancados -->
