<?xml version="1.0" encoding="UTF-8"?>
<!-- Generated by org.testng.reporters.JUnitReportReporter -->
<testsuite hostname="WIN-39319556043" failures="1" tests="8" name="com.rs.test.clusterConfiguration.clusterRouteRules.ClusterRouteRules" time="727.544" errors="0" timestamp="2022-07-08T14:01:44 CST" skipped="2">
  <testcase classname="com.rs.test.clusterConfiguration.clusterRouteRules.ClusterRouteRules" name="createSMSXClusterRouteRules" time="164.048"/>
  <system-out/>
  <testcase classname="com.rs.test.clusterConfiguration.clusterRouteRules.ClusterRouteRules" name="editSMSXClusterRouteRules" time="139.234"/>
  <system-out/>
  <testcase classname="com.rs.test.clusterConfiguration.clusterRouteRules.ClusterRouteRules" name="deleteSMSXClusterRouteRules" time="66.229"/>
  <system-out/>
  <testcase classname="com.rs.test.clusterConfiguration.clusterRouteRules.ClusterRouteRules" name="createISMSClusterRouteRules" time="76.583">
    <failure message="The record was not created successfully expected [true] but found [false]" type="java.lang.AssertionError">
      <![CDATA[java.lang.AssertionError: The record was not created successfully expected [true] but found [false]
at org.testng.Assert.fail(Assert.java:99)
at org.testng.Assert.failNotEquals(Assert.java:1037)
at org.testng.Assert.assertTrue(Assert.java:45)
at com.rs.test.pageObjectModel.clusterConfiguration.clusteRouteRules.ClusterRouteRulesPO.createISMSClusterRouteRules(ClusterRouteRulesPO.java:1075)
at com.rs.test.clusterConfiguration.clusterRouteRules.ClusterRouteRules.createISMSClusterRouteRules(ClusterRouteRules.java:54)
at java.base/jdk.internal.reflect.NativeMethodAccessorImpl.invoke0(Native Method)
at java.base/jdk.internal.reflect.NativeMethodAccessorImpl.invoke(NativeMethodAccessorImpl.java:64)
at java.base/jdk.internal.reflect.DelegatingMethodAccessorImpl.invoke(DelegatingMethodAccessorImpl.java:43)
at java.base/java.lang.reflect.Method.invoke(Method.java:564)
at org.testng.internal.MethodInvocationHelper.invokeMethod(MethodInvocationHelper.java:133)
at org.testng.internal.TestInvoker.invokeMethod(TestInvoker.java:598)
at org.testng.internal.TestInvoker.invokeTestMethod(TestInvoker.java:173)
at org.testng.internal.MethodRunner.runInSequence(MethodRunner.java:46)
at org.testng.internal.TestInvoker$MethodInvocationAgent.invoke(TestInvoker.java:824)
at org.testng.internal.TestInvoker.invokeTestMethods(TestInvoker.java:146)
at org.testng.internal.TestMethodWorker.invokeTestMethods(TestMethodWorker.java:146)
at org.testng.internal.TestMethodWorker.run(TestMethodWorker.java:128)
at java.base/java.util.ArrayList.forEach(ArrayList.java:1511)
at org.testng.TestRunner.privateRun(TestRunner.java:794)
at org.testng.TestRunner.run(TestRunner.java:596)
at org.testng.SuiteRunner.runTest(SuiteRunner.java:377)
at org.testng.SuiteRunner.runSequentially(SuiteRunner.java:371)
at org.testng.SuiteRunner.privateRun(SuiteRunner.java:332)
at org.testng.SuiteRunner.run(SuiteRunner.java:276)
at org.testng.SuiteRunnerWorker.runSuite(SuiteRunnerWorker.java:53)
at org.testng.SuiteRunnerWorker.run(SuiteRunnerWorker.java:96)
at org.testng.TestNG.runSuitesSequentially(TestNG.java:1212)
at org.testng.TestNG.runSuitesLocally(TestNG.java:1134)
at org.testng.TestNG.runSuites(TestNG.java:1063)
at org.testng.TestNG.run(TestNG.java:1031)
at org.testng.remote.AbstractRemoteTestNG.run(AbstractRemoteTestNG.java:115)
at org.testng.remote.RemoteTestNG.initAndRun(RemoteTestNG.java:251)
at org.testng.remote.RemoteTestNG.main(RemoteTestNG.java:77)
]]>
    </failure>
  </testcase> <!-- createISMSClusterRouteRules -->
  <system-out/>
  <testcase classname="com.rs.test.clusterConfiguration.clusterRouteRules.ClusterRouteRules" name="editISMSClusterRouteRules" time="0.000">
    <skipped/>
  </testcase> <!-- editISMSClusterRouteRules -->
  <system-out/>
  <testcase classname="com.rs.test.clusterConfiguration.clusterRouteRules.ClusterRouteRules" name="deleteISMSClusterRouteRules" time="0.000">
    <skipped/>
  </testcase> <!-- deleteISMSClusterRouteRules -->
  <system-out/>
  <testcase classname="com.rs.test.clusterConfiguration.clusterRouteRules.ClusterRouteRules" name="filtersSMSxClusterRouteRules" time="160.242"/>
  <system-out/>
  <testcase classname="com.rs.test.clusterConfiguration.clusterRouteRules.ClusterRouteRules" name="filtersISMSClusterRouteRules" time="121.208"/>
  <system-out/>
</testsuite> <!-- com.rs.test.clusterConfiguration.clusterRouteRules.ClusterRouteRules -->
