<?xml version="1.0" encoding="UTF-8"?>
<!-- Generated by org.testng.reporters.JUnitReportReporter -->
<testsuite hostname="MassielV" failures="0" tests="3" name="com.timp.test.CALENDAR.Tarefas.TarefasExecutarConfiguracaoBFB" time="345.639" errors="0" timestamp="10 nov. 2021 20:55:53 GMT" skipped="0">
  <testcase classname="com.timp.test.CALENDAR.Tarefas.TarefasExecutarConfiguracaoBFB" name="login" time="20.320"/>
  <testcase classname="com.timp.test.CALENDAR.Tarefas.TarefasExecutarConfiguracaoBFB" name="acessarCalendar" time="43.987"/>
  <testcase classname="com.timp.test.CALENDAR.Tarefas.TarefasExecutarConfiguracaoBFB" name="CalendarEntrar" time="281.332"/>
</testsuite> <!-- com.timp.test.CALENDAR.Tarefas.TarefasExecutarConfiguracaoBFB -->
