<?xml version="1.0" encoding="UTF-8"?>
<!-- Generated by org.testng.reporters.JUnitReportReporter -->
<testsuite hostname="WIN-39319556043" failures="0" tests="3" name="com.rs.test.clusterConfiguration.clusterSummary.ClusterSummary" time="70.375" errors="0" timestamp="2022-07-08T14:01:44 CST" skipped="0">
  <testcase classname="com.rs.test.clusterConfiguration.clusterSummary.ClusterSummary" name="createSuggestClassification" time="22.429"/>
  <system-out/>
  <testcase classname="com.rs.test.clusterConfiguration.clusterSummary.ClusterSummary" name="editSuggestClassification" time="28.763"/>
  <system-out/>
  <testcase classname="com.rs.test.clusterConfiguration.clusterSummary.ClusterSummary" name="deleteSuggestClassification" time="19.183"/>
  <system-out/>
</testsuite> <!-- com.rs.test.clusterConfiguration.clusterSummary.ClusterSummary -->
