<?xml version="1.0" encoding="UTF-8"?>
<!-- Generated by org.testng.reporters.JUnitReportReporter -->
<testsuite hostname="WIN-39319556043" failures="0" tests="4" name="com.rs.test.clusterConfiguration.clusterCallToAction.ClusterCallToAction" time="127.729" errors="0" timestamp="2022-07-01T12:52:54 CST" skipped="0">
  <testcase classname="com.rs.test.clusterConfiguration.clusterCallToAction.ClusterCallToAction" name="editClusterCallToAction" time="43.133"/>
  <system-out/>
  <testcase classname="com.rs.test.clusterConfiguration.clusterCallToAction.ClusterCallToAction" name="deleteClusterCallToAction" time="25.833"/>
  <system-out/>
  <testcase classname="com.rs.test.clusterConfiguration.clusterCallToAction.ClusterCallToAction" name="createClusterCallToAction" time="19.472"/>
  <system-out/>
  <testcase classname="com.rs.test.clusterConfiguration.clusterCallToAction.ClusterCallToAction" name="filters" time="39.291"/>
  <system-out/>
</testsuite> <!-- com.rs.test.clusterConfiguration.clusterCallToAction.ClusterCallToAction -->
