<?xml version="1.0" encoding="UTF-8"?>
<!-- Generated by org.testng.reporters.JUnitReportReporter -->
<testsuite hostname="WIN-39319556043" failures="0" tests="1" name="com.rs.test.spam.carrierTemplate.CarrierTemplate" time="54.162" errors="0" timestamp="2022-04-06T15:24:00 CST" skipped="0">
  <testcase classname="com.rs.test.spam.carrierTemplate.CarrierTemplate" name="filtersActionTemplate" time="54.162"/>
  <system-out/>
</testsuite> <!-- com.rs.test.spam.carrierTemplate.CarrierTemplate -->
