<?xml version="1.0" encoding="UTF-8"?>
<!-- Generated by org.testng.reporters.JUnitReportReporter -->
<testsuite hostname="DESKTOP-C57COV6" failures="0" tests="2" name="com.timp.test.BRB.ExcluirRelatorio" time="257.251" errors="0" timestamp="03 dic. 2021 00:30:51 GMT" skipped="0">
  <testcase classname="com.timp.test.BRB.ExcluirRelatorio" name="eliminarLixeira" time="55.947"/>
  <testcase classname="com.timp.test.BRB.ExcluirRelatorio" name="eliminar" time="201.304"/>
</testsuite> <!-- com.timp.test.BRB.ExcluirRelatorio -->
