<?xml version="1.0" encoding="UTF-8"?>
<!-- Generated by org.testng.reporters.JUnitReportReporter -->
<testsuite hostname="WIN-39319556043" failures="0" tests="1" name="com.rs.test.spam.gtRules.GTRules" time="52.937" errors="0" timestamp="2022-07-04T09:00:55 CST" skipped="0">
  <testcase classname="com.rs.test.spam.gtRules.GTRules" name="filtersCarrierTemplate" time="52.937"/>
  <system-out/>
</testsuite> <!-- com.rs.test.spam.gtRules.GTRules -->
