<?xml version="1.0" encoding="UTF-8"?>
<!-- Generated by org.testng.reporters.JUnitReportReporter -->
<testsuite hostname="WIN-39319556043" failures="0" tests="1" name="com.timp.test.BRB.Login" time="27.632" errors="0" timestamp="2022-02-28T15:59:01 CST" skipped="0">
  <testcase classname="com.timp.test.BRB.Login" name="loginTest" time="27.632"/>
  <system-out/>
</testsuite> <!-- com.timp.test.BRB.Login -->
