<?xml version="1.0" encoding="UTF-8"?>
<!-- Generated by org.testng.reporters.JUnitReportReporter -->
<testsuite hostname="MIGUEL" failures="0" tests="3" name="com.timp.test.MDR.Siscoserv.Enquadramento.EnquadramentoVisualizar" time="66.708" errors="0" timestamp="2 Feb 2021 21:06:08 GMT">
  <testcase classname="com.timp.test.MDR.Siscoserv.Enquadramento.EnquadramentoVisualizar" name="acessarMDR" time="21.829"/>
  <testcase classname="com.timp.test.MDR.Siscoserv.Enquadramento.EnquadramentoVisualizar" name="login" time="8.053"/>
  <testcase classname="com.timp.test.MDR.Siscoserv.Enquadramento.EnquadramentoVisualizar" name="Visualizar" time="36.826"/>
</testsuite> <!-- com.timp.test.MDR.Siscoserv.Enquadramento.EnquadramentoVisualizar -->
