<?xml version="1.0" encoding="UTF-8"?>
<!-- Generated by org.testng.reporters.JUnitReportReporter -->
<testsuite hostname="WIN-39319556043" failures="0" tests="1" name="com.rs.test.routingRules.ChangeSet" time="64.328" errors="0" timestamp="2022-07-15T15:09:24 CST" skipped="0">
  <testcase classname="com.rs.test.routingRules.ChangeSet" name="createRoutingRulesChangeSet" time="64.328"/>
  <system-out/>
</testsuite> <!-- com.rs.test.routingRules.ChangeSet -->
