<?xml version="1.0" encoding="UTF-8"?>
<!-- Generated by org.testng.reporters.JUnitReportReporter -->
<testsuite hostname="MassielV" failures="0" tests="1" name="com.timp.test.TCC.TransferenciaDeSaldosCredores.TransferenciaDeSaldosCredoresFiltroPorId" time="70.591" errors="0" timestamp="24 nov. 2021 00:27:43 GMT" skipped="0">
  <testcase classname="com.timp.test.TCC.TransferenciaDeSaldosCredores.TransferenciaDeSaldosCredoresFiltroPorId" name="filtroPorId" time="70.591"/>
</testsuite> <!-- com.timp.test.TCC.TransferenciaDeSaldosCredores.TransferenciaDeSaldosCredoresFiltroPorId -->
