<?xml version="1.0" encoding="UTF-8"?>
<!-- Generated by org.testng.reporters.JUnitReportReporter -->
<testsuite hostname="WIN-39319556043" failures="0" tests="3" name="com.rs.test.clusterConfiguration.clusterClassification.ClusterClassification" time="41.182" errors="0" timestamp="2022-07-01T12:54:23 CST" skipped="0">
  <testcase classname="com.rs.test.clusterConfiguration.clusterClassification.ClusterClassification" name="editClusterClassification" time="13.573"/>
  <system-out/>
  <testcase classname="com.rs.test.clusterConfiguration.clusterClassification.ClusterClassification" name="createClusterClassification" time="14.020"/>
  <system-out/>
  <testcase classname="com.rs.test.clusterConfiguration.clusterClassification.ClusterClassification" name="deleteClusterClassification" time="13.589"/>
  <system-out/>
</testsuite> <!-- com.rs.test.clusterConfiguration.clusterClassification.ClusterClassification -->
