<?xml version="1.0" encoding="UTF-8"?>
<!-- Generated by org.testng.reporters.JUnitReportReporter -->
<testsuite hostname="WIN-39319556043" failures="0" tests="3" name="com.rs.test.configuration.actionTemplates.ActionTemplates" time="49.326" errors="0" timestamp="2022-03-09T13:56:36 CST" skipped="0">
  <testcase classname="com.rs.test.configuration.actionTemplates.ActionTemplates" name="createActionTemplate" time="19.269"/>
  <system-out/>
  <testcase classname="com.rs.test.configuration.actionTemplates.ActionTemplates" name="editContryCode" time="18.367"/>
  <system-out/>
  <testcase classname="com.rs.test.configuration.actionTemplates.ActionTemplates" name="deleteCountryCode" time="11.690"/>
  <system-out/>
</testsuite> <!-- com.rs.test.configuration.actionTemplates.ActionTemplates -->
