<?xml version="1.0" encoding="UTF-8"?>
<!-- Generated by org.testng.reporters.JUnitReportReporter -->
<testsuite hostname="WIN-39319556043" failures="0" tests="7" name="com.rs.test.configuration.countryCodes.CountryCodes" time="117.392" errors="0" timestamp="2022-07-12T15:49:48 CST" skipped="0">
  <testcase classname="com.rs.test.configuration.countryCodes.CountryCodes" name="filters" time="10.806"/>
  <system-out/>
  <testcase classname="com.rs.test.configuration.countryCodes.CountryCodes" name="createCountryCode" time="13.522"/>
  <system-out/>
  <testcase classname="com.rs.test.configuration.countryCodes.CountryCodes" name="editContryCode" time="14.679"/>
  <system-out/>
  <testcase classname="com.rs.test.configuration.countryCodes.CountryCodes" name="createModalPrefix" time="17.444"/>
  <system-out/>
  <testcase classname="com.rs.test.configuration.countryCodes.CountryCodes" name="editModalPrefix" time="23.136"/>
  <system-out/>
  <testcase classname="com.rs.test.configuration.countryCodes.CountryCodes" name="deleteModalPrefix" time="21.129"/>
  <system-out/>
  <testcase classname="com.rs.test.configuration.countryCodes.CountryCodes" name="deleteCountryCode" time="16.676"/>
  <system-out/>
</testsuite> <!-- com.rs.test.configuration.countryCodes.CountryCodes -->
