<?xml version="1.0" encoding="UTF-8"?>
<!-- Generated by org.testng.reporters.JUnitReportReporter -->
<testsuite hostname="MassielV" failures="0" tests="3" name="com.timp.test.BPMA.ProcessodeNegocio.GatewayEvento" time="661.953" errors="0" timestamp="12 oct. 2021 19:07:09 GMT" skipped="0">
  <testcase classname="com.timp.test.BPMA.ProcessodeNegocio.GatewayEvento" name="login" time="32.738"/>
  <testcase classname="com.timp.test.BPMA.ProcessodeNegocio.GatewayEvento" name="BPMAEntrar" time="300.678"/>
  <testcase classname="com.timp.test.BPMA.ProcessodeNegocio.GatewayEvento" name="criar" time="328.537"/>
</testsuite> <!-- com.timp.test.BPMA.ProcessodeNegocio.GatewayEvento -->
