<?xml version="1.0" encoding="UTF-8"?>
<!-- Generated by org.testng.reporters.JUnitReportReporter -->
<testsuite hostname="WIN-39319556043" failures="0" tests="3" name="com.rs.test.clusterConfiguration.clusterSummary.ClusterSummary" time="69.475" errors="0" timestamp="2022-07-26T16:35:50 CST" skipped="0">
  <testcase classname="com.rs.test.clusterConfiguration.clusterSummary.ClusterSummary" name="createSuggestClassification" time="19.948"/>
  <system-out/>
  <testcase classname="com.rs.test.clusterConfiguration.clusterSummary.ClusterSummary" name="editSuggestClassification" time="28.366"/>
  <system-out/>
  <testcase classname="com.rs.test.clusterConfiguration.clusterSummary.ClusterSummary" name="deleteSuggestClassification" time="21.161"/>
  <system-out/>
</testsuite> <!-- com.rs.test.clusterConfiguration.clusterSummary.ClusterSummary -->
