<?xml version="1.0" encoding="UTF-8"?>
<!-- Generated by org.testng.reporters.JUnitReportReporter -->
<testsuite hostname="DESKTOP-M23FVFN" failures="0" tests="1" name="com.timp.test.MDR.TabelasComplementaresParaObrigaçoesAcessorias.TabelaDeCodigoEClasseParaQuadro.TabelaDeCodigoEClasseParaQuadroExcluirEmMassa" time="369.289" errors="0" timestamp="30 nov. 2021 21:08:44 GMT" skipped="0">
  <testcase classname="com.timp.test.MDR.TabelasComplementaresParaObrigaçoesAcessorias.TabelaDeCodigoEClasseParaQuadro.TabelaDeCodigoEClasseParaQuadroExcluirEmMassa" name="criar" time="369.289"/>
</testsuite> <!-- com.timp.test.MDR.TabelasComplementaresParaObrigaçoesAcessorias.TabelaDeCodigoEClasseParaQuadro.TabelaDeCodigoEClasseParaQuadroExcluirEmMassa -->
