<?xml version="1.0" encoding="UTF-8"?>
<!-- Generated by org.testng.reporters.JUnitReportReporter -->
<testsuite hostname="WIN-39319556043" failures="0" tests="1" name="com.rs.test.spam.carrierTemplate.CarrierTemplate" time="52.669" errors="0" timestamp="2022-06-08T13:18:14 CST" skipped="0">
  <testcase classname="com.rs.test.spam.carrierTemplate.CarrierTemplate" name="filtersCarrierTemplate" time="52.669"/>
  <system-out/>
</testsuite> <!-- com.rs.test.spam.carrierTemplate.CarrierTemplate -->
