<?xml version="1.0" encoding="UTF-8"?>
<!-- Generated by org.testng.reporters.JUnitReportReporter -->
<testsuite hostname="DESKTOP-C57COV6" failures="0" tests="1" name="com.timp.test.DFG.Configuracoes.ConfiguracoesLixeiraExcluir" time="2265.554" errors="0" timestamp="25 nov. 2021 03:22:22 GMT" skipped="0">
  <testcase classname="com.timp.test.DFG.Configuracoes.ConfiguracoesLixeiraExcluir" name="Lixeria" time="2265.554"/>
</testsuite> <!-- com.timp.test.DFG.Configuracoes.ConfiguracoesLixeiraExcluir -->
