<?xml version="1.0" encoding="UTF-8"?>
<!-- Generated by org.testng.reporters.JUnitReportReporter -->
<testsuite hostname="DESKTOP-M23FVFN" failures="0" tests="2" name="com.timp.test.MDR.ParametrosContabilizacao.MapeamentoContabilCorrecao.MapeamentoContabilCorrecaoExcluirEmMassa" time="195.492" errors="0" timestamp="30 nov. 2021 19:37:05 GMT" skipped="0">
  <testcase classname="com.timp.test.MDR.ParametrosContabilizacao.MapeamentoContabilCorrecao.MapeamentoContabilCorrecaoExcluirEmMassa" name="ExcluirMassa" time="34.695"/>
  <testcase classname="com.timp.test.MDR.ParametrosContabilizacao.MapeamentoContabilCorrecao.MapeamentoContabilCorrecaoExcluirEmMassa" name="Criar" time="160.797"/>
</testsuite> <!-- com.timp.test.MDR.ParametrosContabilizacao.MapeamentoContabilCorrecao.MapeamentoContabilCorrecaoExcluirEmMassa -->
