<?xml version="1.0" encoding="UTF-8"?>
<!-- Generated by org.testng.reporters.JUnitReportReporter -->
<testsuite hostname="WIN-39319556043" failures="0" tests="6" name="com.rs.test.configuration.characterEncoding.CharacterEncoding" time="113.372" errors="0" timestamp="2022-05-17T16:20:36 CST" skipped="0">
  <testcase classname="com.rs.test.configuration.characterEncoding.CharacterEncoding" name="createCharacterEncoding" time="17.171"/>
  <system-out/>
  <testcase classname="com.rs.test.configuration.characterEncoding.CharacterEncoding" name="editCharacterEncoding" time="24.269"/>
  <system-out/>
  <testcase classname="com.rs.test.configuration.characterEncoding.CharacterEncoding" name="deleteCharacterEncoding" time="15.266"/>
  <system-out/>
  <testcase classname="com.rs.test.configuration.characterEncoding.CharacterEncoding" name="createCustomEncodeCodePoint" time="17.939"/>
  <system-out/>
  <testcase classname="com.rs.test.configuration.characterEncoding.CharacterEncoding" name="editCustomEncodeCodePoint" time="22.095"/>
  <system-out/>
  <testcase classname="com.rs.test.configuration.characterEncoding.CharacterEncoding" name="deleteCustomEncodeCodePoint" time="16.632"/>
  <system-out/>
</testsuite> <!-- com.rs.test.configuration.characterEncoding.CharacterEncoding -->
