<?xml version="1.0" encoding="UTF-8"?>
<!-- Generated by org.testng.reporters.JUnitReportReporter -->
<testsuite hostname="MassielV" failures="0" tests="5" name="com.timp.test.CALENDAR.ParametrosGerais.TarefaAtualizar" time="270.797" errors="0" timestamp="10 nov. 2021 17:01:34 GMT" skipped="0">
  <testcase classname="com.timp.test.CALENDAR.ParametrosGerais.TarefaAtualizar" name="login" time="13.088"/>
  <testcase classname="com.timp.test.CALENDAR.ParametrosGerais.TarefaAtualizar" name="acessarCalendar" time="22.522"/>
  <testcase classname="com.timp.test.CALENDAR.ParametrosGerais.TarefaAtualizar" name="bpma" time="59.421"/>
  <testcase classname="com.timp.test.CALENDAR.ParametrosGerais.TarefaAtualizar" name="tfp" time="68.289"/>
  <testcase classname="com.timp.test.CALENDAR.ParametrosGerais.TarefaAtualizar" name="calendar" time="107.477"/>
</testsuite> <!-- com.timp.test.CALENDAR.ParametrosGerais.TarefaAtualizar -->
