<?xml version="1.0" encoding="UTF-8"?>
<!-- Generated by org.testng.reporters.JUnitReportReporter -->
<testsuite hostname="WIN-39319556043" failures="0" tests="3" name="com.rs.test.configuration.messageGateway.MessageGateway" time="32.041" errors="0" timestamp="2022-07-04T13:01:13 CST" skipped="0">
  <testcase classname="com.rs.test.configuration.messageGateway.MessageGateway" name="edit" time="11.488"/>
  <system-out/>
  <testcase classname="com.rs.test.configuration.messageGateway.MessageGateway" name="createMessageGateway" time="13.323"/>
  <system-out/>
  <testcase classname="com.rs.test.configuration.messageGateway.MessageGateway" name="delete" time="7.230"/>
  <system-out/>
</testsuite> <!-- com.rs.test.configuration.messageGateway.MessageGateway -->
