<?xml version="1.0" encoding="UTF-8"?>
<!-- Generated by org.testng.reporters.JUnitReportReporter -->
<testsuite hostname="DESKTOP-M23FVFN" failures="0" tests="3" name="com.timp.test.SCANC.ArquivosImportados.ArquivosImportadosVisualizar" time="741.656" errors="0" timestamp="30 nov. 2021 20:50:50 GMT" skipped="0">
  <testcase classname="com.timp.test.SCANC.ArquivosImportados.ArquivosImportadosVisualizar" name="ingresar" time="33.278"/>
  <testcase classname="com.timp.test.SCANC.ArquivosImportados.ArquivosImportadosVisualizar" name="scancEntrar" time="118.073"/>
  <testcase classname="com.timp.test.SCANC.ArquivosImportados.ArquivosImportadosVisualizar" name="filtrosAvancados" time="590.305"/>
</testsuite> <!-- com.timp.test.SCANC.ArquivosImportados.ArquivosImportadosVisualizar -->
