<?xml version="1.0" encoding="UTF-8"?>
<!-- Generated by org.testng.reporters.JUnitReportReporter -->
<testsuite hostname="WIN-31811410113" failures="0" tests="1" name="com.rs.test.spam.gtRules.GTRules" time="54.916" errors="0" timestamp="2022-07-15T12:35:00 IST" skipped="0">
  <testcase classname="com.rs.test.spam.gtRules.GTRules" name="filtersCarrierTemplate" time="54.916"/>
  <system-out/>
</testsuite> <!-- com.rs.test.spam.gtRules.GTRules -->
