<?xml version="1.0" encoding="UTF-8"?>
<!-- Generated by org.testng.reporters.JUnitReportReporter -->
<testsuite hostname="DESKTOP-C57COV6" failures="0" tests="1" name="com.timp.test.MDR.TabelasComplementaresParaObrigaçoesAcessorias.TabelaDeCodigosDeTransferencias.TabelaDeCodigosDeTransferenciasCriar" time="181.614" errors="0" timestamp="30 nov. 2021 21:57:27 GMT" skipped="0">
  <testcase classname="com.timp.test.MDR.TabelasComplementaresParaObrigaçoesAcessorias.TabelaDeCodigosDeTransferencias.TabelaDeCodigosDeTransferenciasCriar" name="criar" time="181.614"/>
</testsuite> <!-- com.timp.test.MDR.TabelasComplementaresParaObrigaçoesAcessorias.TabelaDeCodigosDeTransferencias.TabelaDeCodigosDeTransferenciasCriar -->
