<?xml version="1.0" encoding="UTF-8"?>
<!-- Generated by org.testng.reporters.JUnitReportReporter -->
<testsuite hostname="WIN-39319556043" failures="0" tests="3" name="com.rs.test.configuration.actionTemplates.ActionTemplates" time="38.797" errors="0" timestamp="2022-07-12T15:49:48 CST" skipped="0">
  <testcase classname="com.rs.test.configuration.actionTemplates.ActionTemplates" name="editActionTemplate" time="17.367"/>
  <system-out/>
  <testcase classname="com.rs.test.configuration.actionTemplates.ActionTemplates" name="createActionTemplate" time="8.995"/>
  <system-out/>
  <testcase classname="com.rs.test.configuration.actionTemplates.ActionTemplates" name="deleteActionTemplate" time="12.435"/>
  <system-out/>
</testsuite> <!-- com.rs.test.configuration.actionTemplates.ActionTemplates -->
