<?xml version="1.0" encoding="UTF-8"?>
<!-- Generated by org.testng.reporters.JUnitReportReporter -->
<testsuite hostname="DESKTOP-M23FVFN" failures="0" tests="3" name="com.timp.test.SCANC.ArquivosImportados.ArquivosImportadosPesquisa" time="97.323" errors="0" timestamp="30 nov. 2021 20:23:17 GMT" skipped="0">
  <testcase classname="com.timp.test.SCANC.ArquivosImportados.ArquivosImportadosPesquisa" name="ingresar" time="17.394"/>
  <testcase classname="com.timp.test.SCANC.ArquivosImportados.ArquivosImportadosPesquisa" name="scancEntrar" time="42.509"/>
  <testcase classname="com.timp.test.SCANC.ArquivosImportados.ArquivosImportadosPesquisa" name="pesquisar" time="37.420"/>
</testsuite> <!-- com.timp.test.SCANC.ArquivosImportados.ArquivosImportadosPesquisa -->
