<?xml version="1.0" encoding="UTF-8"?>
<!-- Generated by org.testng.reporters.JUnitReportReporter -->
<testsuite hostname="DESKTOP-C57COV6" failures="0" tests="1" name="com.timp.test.MDR.TabelasComplementaresParaObrigaçoesAcessorias.TabelaReceitasPermitidas.TabelaReceitasPermitidasCriar" time="112.201" errors="0" timestamp="23 sep. 2021 15:58:43 GMT" skipped="0">
  <testcase classname="com.timp.test.MDR.TabelasComplementaresParaObrigaçoesAcessorias.TabelaReceitasPermitidas.TabelaReceitasPermitidasCriar" name="criar" time="112.201"/>
</testsuite> <!-- com.timp.test.MDR.TabelasComplementaresParaObrigaçoesAcessorias.TabelaReceitasPermitidas.TabelaReceitasPermitidasCriar -->
