<?xml version="1.0" encoding="UTF-8"?>
<!-- Generated by org.testng.reporters.JUnitReportReporter -->
<testsuite hostname="MassielV" failures="0" tests="8" name="com.timp.test.BCB.ExecucoesSalvas.ExecucoesSalvas.ExecuçõesSalvasFiltros" time="171.777" errors="0" timestamp="25 nov. 2021 00:38:29 GMT" skipped="0">
  <testcase classname="com.timp.test.BCB.ExecucoesSalvas.ExecucoesSalvas.ExecuçõesSalvasFiltros" name="login" time="20.589"/>
  <testcase classname="com.timp.test.BCB.ExecucoesSalvas.ExecucoesSalvas.ExecuçõesSalvasFiltros" name="brbEntrar" time="34.430"/>
  <testcase classname="com.timp.test.BCB.ExecucoesSalvas.ExecucoesSalvas.ExecuçõesSalvasFiltros" name="FiltroID" time="33.641"/>
  <testcase classname="com.timp.test.BCB.ExecucoesSalvas.ExecucoesSalvas.ExecuçõesSalvasFiltros" name="NombreHierarquia" time="23.802"/>
  <testcase classname="com.timp.test.BCB.ExecucoesSalvas.ExecucoesSalvas.ExecuçõesSalvasFiltros" name="FiltroEmpresa" time="14.589"/>
  <testcase classname="com.timp.test.BCB.ExecucoesSalvas.ExecucoesSalvas.ExecuçõesSalvasFiltros" name="FiltroUF" time="14.482"/>
  <testcase classname="com.timp.test.BCB.ExecucoesSalvas.ExecucoesSalvas.ExecuçõesSalvasFiltros" name="FiltroFilial" time="14.588"/>
  <testcase classname="com.timp.test.BCB.ExecucoesSalvas.ExecucoesSalvas.ExecuçõesSalvasFiltros" name="FiltroTributo" time="15.656"/>
</testsuite> <!-- com.timp.test.BCB.ExecucoesSalvas.ExecucoesSalvas.ExecuçõesSalvasFiltros -->
