<?xml version="1.0" encoding="UTF-8"?>
<!-- Generated by org.testng.reporters.JUnitReportReporter -->
<testsuite hostname="WIN-39319556043" failures="0" tests="3" name="com.rs.test.clusterConfiguration.clusterClassification.ClusterClassification" time="39.829" errors="0" timestamp="2022-07-12T15:49:48 CST" skipped="0">
  <testcase classname="com.rs.test.clusterConfiguration.clusterClassification.ClusterClassification" name="createClusterClassification" time="13.341"/>
  <system-out/>
  <testcase classname="com.rs.test.clusterConfiguration.clusterClassification.ClusterClassification" name="editClusterClassification" time="13.098"/>
  <system-out/>
  <testcase classname="com.rs.test.clusterConfiguration.clusterClassification.ClusterClassification" name="deleteClusterClassification" time="13.390"/>
  <system-out/>
</testsuite> <!-- com.rs.test.clusterConfiguration.clusterClassification.ClusterClassification -->
