<?xml version="1.0" encoding="UTF-8"?>
<!-- Generated by org.testng.reporters.JUnitReportReporter -->
<testsuite hostname="WIN-39319556043" failures="0" tests="3" name="com.rs.test.configuration.countryCodes.CountryCodes" time="55.287" errors="0" timestamp="2022-07-01T12:42:10 CST" skipped="0">
  <testcase classname="com.rs.test.configuration.countryCodes.CountryCodes" name="createCountryCode" time="13.699"/>
  <system-out/>
  <testcase classname="com.rs.test.configuration.countryCodes.CountryCodes" name="createModalPrefix" time="17.936"/>
  <system-out/>
  <testcase classname="com.rs.test.configuration.countryCodes.CountryCodes" name="editModalPrefix" time="23.652"/>
  <system-out/>
</testsuite> <!-- com.rs.test.configuration.countryCodes.CountryCodes -->
