<?xml version="1.0" encoding="UTF-8"?>
<!-- Generated by org.testng.reporters.JUnitReportReporter -->
<testsuite hostname="DESKTOP-M23FVFN" failures="0" tests="1" name="com.timp.test.MDR.TaxasDeAtualização.ConfiguraçãoDeTipoTaxaDeAtualização.ConfiguraçãDeTipoTaxaDeAtualizaçãoExcluir" time="88.062" errors="0" timestamp="01 dic. 2021 05:52:12 GMT" skipped="0">
  <testcase classname="com.timp.test.MDR.TaxasDeAtualização.ConfiguraçãoDeTipoTaxaDeAtualização.ConfiguraçãDeTipoTaxaDeAtualizaçãoExcluir" name="excluir" time="88.062"/>
</testsuite> <!-- com.timp.test.MDR.TaxasDeAtualização.ConfiguraçãoDeTipoTaxaDeAtualização.ConfiguraçãDeTipoTaxaDeAtualizaçãoExcluir -->
