<?xml version="1.0" encoding="UTF-8"?>
<!-- Generated by org.testng.reporters.JUnitReportReporter -->
<testsuite hostname="MassielV" failures="0" tests="2" name="com.timp.test.MDR.ConfiguracoesFundoSocial.ConfiguracoesDeFundoSocialExcluirEmMassa" time="329.137" errors="0" timestamp="26 nov. 2021 19:25:40 GMT" skipped="0">
  <testcase classname="com.timp.test.MDR.ConfiguracoesFundoSocial.ConfiguracoesDeFundoSocialExcluirEmMassa" name="criar" time="288.489"/>
  <testcase classname="com.timp.test.MDR.ConfiguracoesFundoSocial.ConfiguracoesDeFundoSocialExcluirEmMassa" name="excluir" time="40.648"/>
</testsuite> <!-- com.timp.test.MDR.ConfiguracoesFundoSocial.ConfiguracoesDeFundoSocialExcluirEmMassa -->
