<?xml version="1.0" encoding="UTF-8"?>
<!-- Generated by org.testng.reporters.JUnitReportReporter -->
<testsuite hostname="WIN-39319556043" failures="0" tests="3" name="com.rs.test.configuration.messageGateway.MessageGateway" time="38.640" errors="0" timestamp="2022-05-09T14:41:05 CST" skipped="0">
  <testcase classname="com.rs.test.configuration.messageGateway.MessageGateway" name="edit" time="14.448"/>
  <system-out/>
  <testcase classname="com.rs.test.configuration.messageGateway.MessageGateway" name="createMessageGateway" time="15.071"/>
  <system-out/>
  <testcase classname="com.rs.test.configuration.messageGateway.MessageGateway" name="delete" time="9.121"/>
  <system-out/>
</testsuite> <!-- com.rs.test.configuration.messageGateway.MessageGateway -->
